"../../../../../HS/HammerStruggle/HammerStruggle/Content/UI/MainMenu/MainMenuController.uasset" 0
"../../../../../HS/HammerStruggle/HammerStruggle/Content/Gameplay/BP_HammerStruggleGameMode.uasset" 1
"../../../../../HS/HammerStruggle/HammerStruggle/Content/Gameplay/Resources/Textures/I_Resources_1024.uasset" 2
"../../../../../HS/HammerStruggle/HammerStruggle/Content/UI/Fonts/Intro_Fonts/Intro_Black_Alt_Regular.uasset" 3
"../../../../../HS/HammerStruggle/HammerStruggle/Content/UI/Fonts/Intro_Fonts/Intro_Black_Alt_Regular_Font.uasset" 4
"../../../../../HS/HammerStruggle/HammerStruggle/Content/UI/Fonts/Intro_Fonts/Intro_Black_Inline_Regular.uasset" 5
"../../../../../HS/HammerStruggle/HammerStruggle/Content/UI/Fonts/Intro_Fonts/Intro_Black_Inline_Regular_Font.uasset" 6
"../../../../../HS/HammerStruggle/HammerStruggle/Content/UI/Fonts/Intro_Fonts/Intro_Black_Italic_Italic.uasset" 7
"../../../../../HS/HammerStruggle/HammerStruggle/Content/UI/Fonts/Intro_Fonts/Intro_Black_Italic_Italic_Font.uasset" 8
"../../../../../HS/HammerStruggle/HammerStruggle/Content/UI/Fonts/Intro_Fonts/Intro_Black_Regular.uasset" 9
"../../../../../HS/HammerStruggle/HammerStruggle/Content/UI/Fonts/Intro_Fonts/Intro_Black_Regular_Font.uasset" 10
"../../../../../HS/HammerStruggle/HammerStruggle/Content/UI/Fonts/Intro_Fonts/Intro_Bold_Alt_Regular.uasset" 11
"../../../../../HS/HammerStruggle/HammerStruggle/Content/UI/Fonts/Intro_Fonts/Intro_Bold_Alt_Regular_Font.uasset" 12
"../../../../../HS/HammerStruggle/HammerStruggle/Content/UI/Fonts/Intro_Fonts/Intro_Bold_Caps_Regular.uasset" 13
"../../../../../HS/HammerStruggle/HammerStruggle/Content/UI/Fonts/Intro_Fonts/Intro_Bold_Caps_Regular_Font.uasset" 14
"../../../../../HS/HammerStruggle/HammerStruggle/Content/UI/Fonts/Intro_Fonts/Intro_Bold_Italic_Italic.uasset" 15
"../../../../../HS/HammerStruggle/HammerStruggle/Content/UI/Fonts/Intro_Fonts/Intro_Bold_Italic_Italic_Font.uasset" 16
"../../../../../HS/HammerStruggle/HammerStruggle/Content/UI/Fonts/Intro_Fonts/Intro_Bold_Regular.uasset" 17
"../../../../../HS/HammerStruggle/HammerStruggle/Content/UI/Fonts/Intro_Fonts/Intro_Bold_Regular_Font.uasset" 18
"../../../../../HS/HammerStruggle/HammerStruggle/Content/UI/Fonts/Intro_Fonts/Intro_Book_Alt_Regular.uasset" 19
"../../../../../HS/HammerStruggle/HammerStruggle/Content/UI/Fonts/Intro_Fonts/Intro_Book_Alt_Regular_Font.uasset" 20
"../../../../../HS/HammerStruggle/HammerStruggle/Content/UI/Fonts/Intro_Fonts/Intro_Book_Caps_Regular.uasset" 21
"../../../../../HS/HammerStruggle/HammerStruggle/Content/UI/Fonts/Intro_Fonts/Intro_Book_Caps_Regular_Font.uasset" 22
"../../../../../HS/HammerStruggle/HammerStruggle/Content/UI/Fonts/Intro_Fonts/Intro_Book_Italic_Italic.uasset" 23
"../../../../../HS/HammerStruggle/HammerStruggle/Content/UI/Fonts/Intro_Fonts/Intro_Book_Italic_Italic_Font.uasset" 24
"../../../../../HS/HammerStruggle/HammerStruggle/Content/UI/Fonts/Intro_Fonts/Intro_Book_Regular.uasset" 25
"../../../../../HS/HammerStruggle/HammerStruggle/Content/UI/Fonts/Intro_Fonts/Intro_Book_Regular_Font.uasset" 26
"../../../../../HS/HammerStruggle/HammerStruggle/Content/UI/Fonts/Intro_Fonts/Intro_Cond_Alt.uasset" 27
"../../../../../HS/HammerStruggle/HammerStruggle/Content/UI/Fonts/Intro_Fonts/Intro_Cond_Alt_Font.uasset" 28
"../../../../../HS/HammerStruggle/HammerStruggle/Content/UI/Fonts/Intro_Fonts/Intro_Cond_Black_Alt.uasset" 29
"../../../../../HS/HammerStruggle/HammerStruggle/Content/UI/Fonts/Intro_Fonts/Intro_Cond_Black_Alt_Font.uasset" 30
"../../../../../HS/HammerStruggle/HammerStruggle/Content/UI/Fonts/Intro_Fonts/Intro_Cond_Black.uasset" 31
"../../../../../HS/HammerStruggle/HammerStruggle/Content/UI/Fonts/Intro_Fonts/Intro_Cond_Black_Font.uasset" 32
"../../../../../HS/HammerStruggle/HammerStruggle/Content/UI/Fonts/Intro_Fonts/Intro_Cond_Black_Italic.uasset" 33
"../../../../../HS/HammerStruggle/HammerStruggle/Content/UI/Fonts/Intro_Fonts/Intro_Cond_Black_Italic_Font.uasset" 34
"../../../../../HS/HammerStruggle/HammerStruggle/Content/UI/Fonts/Intro_Fonts/Intro_Cond_Bold_Alt.uasset" 35
"../../../../../HS/HammerStruggle/HammerStruggle/Content/UI/Fonts/Intro_Fonts/Intro_Cond_Bold_Alt_Font.uasset" 36
"../../../../../HS/HammerStruggle/HammerStruggle/Content/UI/Fonts/Intro_Fonts/Intro_Cond_Bold.uasset" 37
"../../../../../HS/HammerStruggle/HammerStruggle/Content/UI/Fonts/Intro_Fonts/Intro_Cond_Bold_Font.uasset" 38
"../../../../../HS/HammerStruggle/HammerStruggle/Content/UI/Fonts/Intro_Fonts/Intro_Cond_Bold_Italic.uasset" 39
"../../../../../HS/HammerStruggle/HammerStruggle/Content/UI/Fonts/Intro_Fonts/Intro_Cond_Bold_Italic_Font.uasset" 40
"../../../../../HS/HammerStruggle/HammerStruggle/Content/UI/Fonts/Intro_Fonts/Intro_Cond_Caps_Black.uasset" 41
"../../../../../HS/HammerStruggle/HammerStruggle/Content/UI/Fonts/Intro_Fonts/Intro_Cond_Caps_Black_Font.uasset" 42
"../../../../../HS/HammerStruggle/HammerStruggle/Content/UI/Fonts/Intro_Fonts/Intro_Cond_Caps_Bold.uasset" 43
"../../../../../HS/HammerStruggle/HammerStruggle/Content/UI/Fonts/Intro_Fonts/Intro_Cond_Caps_Bold_Font.uasset" 44
"../../../../../HS/HammerStruggle/HammerStruggle/Content/UI/Fonts/Intro_Fonts/Intro_Cond_Caps.uasset" 45
"../../../../../HS/HammerStruggle/HammerStruggle/Content/UI/Fonts/Intro_Fonts/Intro_Cond_Caps_Font.uasset" 46
"../../../../../HS/HammerStruggle/HammerStruggle/Content/UI/Fonts/Intro_Fonts/Intro_Cond_Caps_Light.uasset" 47
"../../../../../HS/HammerStruggle/HammerStruggle/Content/UI/Fonts/Intro_Fonts/Intro_Cond_Caps_Light_Font.uasset" 48
"../../../../../HS/HammerStruggle/HammerStruggle/Content/UI/Fonts/Intro_Fonts/Intro_Cond_Caps_SemiBold.uasset" 49
"../../../../../HS/HammerStruggle/HammerStruggle/Content/UI/Fonts/Intro_Fonts/Intro_Cond_Caps_SemiBold_Font.uasset" 50
"../../../../../HS/HammerStruggle/HammerStruggle/Content/UI/Fonts/Intro_Fonts/Intro_Cond_Caps_Thin.uasset" 51
"../../../../../HS/HammerStruggle/HammerStruggle/Content/UI/Fonts/Intro_Fonts/Intro_Cond_Caps_Thin_Font.uasset" 52
"../../../../../HS/HammerStruggle/HammerStruggle/Content/UI/Fonts/Intro_Fonts/Intro_Cond.uasset" 53
"../../../../../HS/HammerStruggle/HammerStruggle/Content/UI/Fonts/Intro_Fonts/Intro_Cond_Font.uasset" 54
"../../../../../HS/HammerStruggle/HammerStruggle/Content/UI/Fonts/Intro_Fonts/Intro_Cond_Italic.uasset" 55
"../../../../../HS/HammerStruggle/HammerStruggle/Content/UI/Fonts/Intro_Fonts/Intro_Cond_Italic_Font.uasset" 56
"../../../../../HS/HammerStruggle/HammerStruggle/Content/UI/Fonts/Intro_Fonts/Intro_Cond_Light_Alt.uasset" 57
"../../../../../HS/HammerStruggle/HammerStruggle/Content/UI/Fonts/Intro_Fonts/Intro_Cond_Light_Alt_Font.uasset" 58
"../../../../../HS/HammerStruggle/HammerStruggle/Content/UI/Fonts/Intro_Fonts/Intro_Cond_Light.uasset" 59
"../../../../../HS/HammerStruggle/HammerStruggle/Content/UI/Fonts/Intro_Fonts/Intro_Cond_Light_Font.uasset" 60
"../../../../../HS/HammerStruggle/HammerStruggle/Content/UI/Fonts/Intro_Fonts/Intro_Cond_Light_Italic.uasset" 61
"../../../../../HS/HammerStruggle/HammerStruggle/Content/UI/Fonts/Intro_Fonts/Intro_Cond_Light_Italic_Font.uasset" 62
"../../../../../HS/HammerStruggle/HammerStruggle/Content/UI/Fonts/Intro_Fonts/Intro_Cond_SemiBold_Alt.uasset" 63
"../../../../../HS/HammerStruggle/HammerStruggle/Content/UI/Fonts/Intro_Fonts/Intro_Cond_SemiBold_Alt_Font.uasset" 64
"../../../../../HS/HammerStruggle/HammerStruggle/Content/UI/Fonts/Intro_Fonts/Intro_Cond_SemiBold.uasset" 65
"../../../../../HS/HammerStruggle/HammerStruggle/Content/UI/Fonts/Intro_Fonts/Intro_Cond_SemiBold_Font.uasset" 66
"../../../../../HS/HammerStruggle/HammerStruggle/Content/UI/Fonts/Intro_Fonts/Intro_Cond_SemiBold_Italic.uasset" 67
"../../../../../HS/HammerStruggle/HammerStruggle/Content/UI/Fonts/Intro_Fonts/Intro_Cond_SemiBold_Italic_Font.uasset" 68
"../../../../../HS/HammerStruggle/HammerStruggle/Content/UI/Fonts/Intro_Fonts/Intro_Cond_Thin_Alt.uasset" 69
"../../../../../HS/HammerStruggle/HammerStruggle/Content/UI/Fonts/Intro_Fonts/Intro_Cond_Thin_Alt_Font.uasset" 70
"../../../../../HS/HammerStruggle/HammerStruggle/Content/UI/Fonts/Intro_Fonts/Intro_Cond_Thin.uasset" 71
"../../../../../HS/HammerStruggle/HammerStruggle/Content/UI/Fonts/Intro_Fonts/Intro_Cond_Thin_Font.uasset" 72
"../../../../../HS/HammerStruggle/HammerStruggle/Content/UI/Fonts/Intro_Fonts/Intro_Cond_Thin_Italic.uasset" 73
"../../../../../HS/HammerStruggle/HammerStruggle/Content/UI/Fonts/Intro_Fonts/Intro_Cond_Thin_Italic_Font.uasset" 74
"../../../../../HS/HammerStruggle/HammerStruggle/Content/UI/Fonts/Intro_Fonts/Intro_Inline.uasset" 75
"../../../../../HS/HammerStruggle/HammerStruggle/Content/UI/Fonts/Intro_Fonts/Intro_Inline_Font.uasset" 76
"../../../../../HS/HammerStruggle/HammerStruggle/Content/UI/Fonts/Intro_Fonts/Intro_Inline_Regular.uasset" 77
"../../../../../HS/HammerStruggle/HammerStruggle/Content/UI/Fonts/Intro_Fonts/Intro_Inline_Regular_Font.uasset" 78
"../../../../../HS/HammerStruggle/HammerStruggle/Content/UI/Fonts/Intro_Fonts/Intro_Light_Alt_Regular.uasset" 79
"../../../../../HS/HammerStruggle/HammerStruggle/Content/UI/Fonts/Intro_Fonts/Intro_Light_Alt_Regular_Font.uasset" 80
"../../../../../HS/HammerStruggle/HammerStruggle/Content/UI/Fonts/Intro_Fonts/Intro_Light_Caps_Regular.uasset" 81
"../../../../../HS/HammerStruggle/HammerStruggle/Content/UI/Fonts/Intro_Fonts/Intro_Light_Caps_Regular_Font.uasset" 82
"../../../../../HS/HammerStruggle/HammerStruggle/Content/UI/Fonts/Intro_Fonts/Intro_Light_Italic_Italic.uasset" 83
"../../../../../HS/HammerStruggle/HammerStruggle/Content/UI/Fonts/Intro_Fonts/Intro_Light_Italic_Italic_Font.uasset" 84
"../../../../../HS/HammerStruggle/HammerStruggle/Content/UI/Fonts/Intro_Fonts/Intro_Light_Regular.uasset" 85
"../../../../../HS/HammerStruggle/HammerStruggle/Content/UI/Fonts/Intro_Fonts/Intro_Light_Regular_Font.uasset" 86
"../../../../../HS/HammerStruggle/HammerStruggle/Content/UI/Fonts/Intro_Fonts/Intro_Regular_Alt_Regular.uasset" 87
"../../../../../HS/HammerStruggle/HammerStruggle/Content/UI/Fonts/Intro_Fonts/Intro_Regular_Alt_Regular_Font.uasset" 88
"../../../../../HS/HammerStruggle/HammerStruggle/Content/UI/Fonts/Intro_Fonts/Intro_Regular_Italic_Italic.uasset" 89
"../../../../../HS/HammerStruggle/HammerStruggle/Content/UI/Fonts/Intro_Fonts/Intro_Regular_Italic_Italic_Font.uasset" 90
"../../../../../HS/HammerStruggle/HammerStruggle/Content/UI/Fonts/Intro_Fonts/Intro_Regular_Regular.uasset" 91
"../../../../../HS/HammerStruggle/HammerStruggle/Content/UI/Fonts/Intro_Fonts/Intro_Regular_Regular_Font.uasset" 92
"../../../../../HS/HammerStruggle/HammerStruggle/Content/UI/Fonts/Intro_Fonts/Intro_Thin_Alt_Regular.uasset" 93
"../../../../../HS/HammerStruggle/HammerStruggle/Content/UI/Fonts/Intro_Fonts/Intro_Thin_Alt_Regular_Font.uasset" 94
"../../../../../HS/HammerStruggle/HammerStruggle/Content/UI/Fonts/Intro_Fonts/Intro_Thin_Caps_Regular.uasset" 95
"../../../../../HS/HammerStruggle/HammerStruggle/Content/UI/Fonts/Intro_Fonts/Intro_Thin_Caps_Regular_Font.uasset" 96
"../../../../../HS/HammerStruggle/HammerStruggle/Content/UI/Fonts/Intro_Fonts/Intro_Thin_Italic_Italic.uasset" 97
"../../../../../HS/HammerStruggle/HammerStruggle/Content/UI/Fonts/Intro_Fonts/Intro_Thin_Italic_Italic_Font.uasset" 98
"../../../../../HS/HammerStruggle/HammerStruggle/Content/UI/Fonts/Intro_Fonts/Intro_Thin_Regular.uasset" 99
"../../../../../HS/HammerStruggle/HammerStruggle/Content/UI/Fonts/Intro_Fonts/Intro_Thin_Regular_Font.uasset" 100
"../../../../../HS/HammerStruggle/HammerStruggle/Content/UI/Icons/HammerStruggle_Icon.uasset" 101
"../../../../../HS/HammerStruggle/HammerStruggle/Content/UI/InventoryMenu/Widget_InventoryMenu.uasset" 102
"../../../../../HS/HammerStruggle/HammerStruggle/Content/UI/MainMenu/turguin-0001-1200.uasset" 103
"../../../../../HS/HammerStruggle/HammerStruggle/Content/UI/Fonts/Intro_Fonts/Intro.uasset" 104
"../../../../../HS/HammerStruggle/HammerStruggle/Content/UI/Fonts/Intro_Fonts/Intro_Font.uasset" 105
"../../../../../HS/HammerStruggle/HammerStruggle/Content/UI/Fonts/Intro_Fonts/Intro_Regular.uasset" 106
"../../../../../HS/HammerStruggle/HammerStruggle/Content/UI/Fonts/Intro_Fonts/Intro_Regular_Font.uasset" 107
"../../../../../HS/HammerStruggle/HammerStruggle/Content/UI/MainMenu/MainMenuBG.uasset" 108
"../../../../../HS/HammerStruggle/HammerStruggle/Content/UI/MainMenu/MainMenuBGTexture.uasset" 109
"../../../../../HS/HammerStruggle/HammerStruggle/Content/UI/MainMenu/UI_MainMenuWidget.uasset" 110
"../../../../../HS/HammerStruggle/HammerStruggle/Content/UI/MainMenu/BP_MainMenu.uasset" 111
"../../../../../HS/HammerStruggle/HammerStruggle/Content/UI/Fonts/Intro_Fonts/Intro_Black_Caps_Regular.uasset" 112
"../../../../../HS/HammerStruggle/HammerStruggle/Content/UI/Fonts/Intro_Fonts/Intro_Black_Caps_Regular_Font.uasset" 113
"../../../../../HS/HammerStruggle/HammerStruggle/Content/UI/DefeatMenu/UI_Defeat.uasset" 114
"../../../../../HS/HammerStruggle/HammerStruggle/Content/UI/MainMenu/UI_Defeat.uasset" 115
"../../../../../HS/HammerStruggle/HammerStruggle/Content/UI/PlayerUI/Frame.uasset" 116
"../../../../../HS/HammerStruggle/HammerStruggle/Content/UI/PlayerUI/FrameBackground.uasset" 117
"../../../../../HS/HammerStruggle/HammerStruggle/Content/UI/PlayerUI/FrameHammers.uasset" 118
"../../../Engine/Content/Animation/DefaultAnimCurveCompressionSettings.uasset" 119
"../../../Engine/Content/Functions/Engine_MaterialFunctions01/Opacity/CameraDepthFade.uasset" 120
"../../../Engine/Content/EngineMaterials/T_Default_Material_Grid_M.uasset" 121
"../../../Engine/Content/EngineMaterials/T_Default_Material_Grid_N.uasset" 122
"../../../Engine/Content/EngineMaterials/WorldGridMaterial.uasset" 123
"../../../Engine/Content/ArtTools/RenderToTexture/Meshes/S_1_Unit_Plane.uasset" 124
"../../../Engine/Content/EngineMaterials/DefaultMaterial.uasset" 125
"../../../Engine/Content/BasicShapes/Cone.uasset" 126
"../../../Engine/Content/BasicShapes/Cube.uasset" 127
"../../../Engine/Content/BasicShapes/Cylinder.uasset" 128
"../../../Engine/Content/BasicShapes/Plane.uasset" 129
"../../../Engine/Content/EditorLandscapeResources/DataLayer.uasset" 130
"../../../Engine/Content/EditorMaterials/MAT_Groups_Toggle.uasset" 131
"../../../Engine/Content/EditorMaterials/MAT_Groups_Visibility.uasset" 132
"../../../Engine/Content/EditorMaterials/PreviewShadowIndicator.uasset" 133
"../../../Engine/Content/EditorMaterials/PreviewShadowIndicatorMaterial.uasset" 134
"../../../Engine/Content/EditorMaterials/MatineeGroups/MAT_ColorTrack.uasset" 135
"../../../Engine/Content/EditorMaterials/MatineeGroups/MAT_Groups_Anim.uasset" 136
"../../../Engine/Content/EditorMaterials/MatineeGroups/MAT_Groups_AudioMaster.uasset" 137
"../../../Engine/Content/EditorMaterials/MatineeGroups/MAT_Groups_Director.uasset" 138
"../../../Engine/Content/EditorMaterials/MatineeGroups/MAT_Groups_Event.uasset" 139
"../../../Engine/Content/EditorMaterials/MatineeGroups/MAT_Groups_Fade.uasset" 140
"../../../Engine/Content/EditorMaterials/MatineeGroups/MAT_Groups_Float.uasset" 141
"../../../Engine/Content/EditorMaterials/MatineeGroups/MAT_Groups_Move.uasset" 142
"../../../Engine/Content/EditorMaterials/MatineeGroups/MAT_Groups_Slomo.uasset" 143
"../../../Engine/Content/EditorMaterials/MatineeGroups/MAT_Groups_Sound.uasset" 144
"../../../Engine/Content/EditorMaterials/MatineeGroups/MAT_Groups_Vector.uasset" 145
"../../../Engine/Content/EditorMaterials/ParticleSystems/PSysThumbnail_NoImage.uasset" 146
"../../../Engine/Content/EditorMaterials/ParticleSystems/PSysThumbnail_OOD.uasset" 147
"../../../Engine/Content/EditorMaterials/Camera/CineMat.uasset" 148
"../../../Engine/Content/EditorMaterials/Camera/MI_CineMat_Rig.uasset" 149
"../../../Engine/Content/EditorMeshes/Camera/SM_CraneRig_Arm.uasset" 150
"../../../Engine/Content/EditorMeshes/Camera/SM_CraneRig_Base.uasset" 151
"../../../Engine/Content/EditorMeshes/Camera/SM_CraneRig_Body.uasset" 152
"../../../Engine/Content/EditorMeshes/Camera/SM_CraneRig_Mount.uasset" 153
"../../../Engine/Content/EditorMeshes/Camera/SM_RailRig_Mount.uasset" 154
"../../../Engine/Content/EditorMeshes/Camera/SM_RailRig_Track.uasset" 155
"../../../Engine/Content/EditorResources/BSPVertex.uasset" 156
"../../../Engine/Content/EditorResources/EmptyActor.uasset" 157
"../../../Engine/Content/EditorResources/S_Actor.uasset" 158
"../../../Engine/Content/EditorResources/S_Note.uasset" 159
"../../../Engine/Content/EditorResources/S_Solver.uasset" 160
"../../../Engine/Content/EditorResources/S_Trigger.uasset" 161
"../../../Engine/Content/EditorResources/LightIcons/S_LightError.uasset" 162
"../../../Engine/Content/EditorResources/SequenceRecorder/Countdown.uasset" 163
"../../../Engine/Content/EditorResources/SequenceRecorder/RecordingIndicator.uasset" 164
"../../../Engine/Content/EditorSounds/Notifications/CompileFailed.uasset" 165
"../../../Engine/Content/EditorSounds/Notifications/CompileFailed_Cue.uasset" 166
"../../../Engine/Content/EditorSounds/Notifications/CompileSuccess.uasset" 167
"../../../Engine/Content/EditorSounds/Notifications/CompileStart_Cue.uasset" 168
"../../../Engine/Content/EditorSounds/Notifications/CompileSuccess_Cue.uasset" 169
"../../../Engine/Content/EngineDamageTypes/DmgTypeBP_Environmental.uasset" 170
"../../../Engine/Content/EngineDebugMaterials/DebugEditorMaterial.uasset" 171
"../../../Engine/Content/EngineDebugMaterials/DebugMeshMaterial.uasset" 172
"../../../Engine/Content/EngineDebugMaterials/M_SimpleTranslucent.uasset" 173
"../../../Engine/Content/Functions/Engine_MaterialFunctions02/Utility/CameraDirectionVector.uasset" 174
"../../../Engine/Content/EngineDebugMaterials/VolumeToRender.uasset" 175
"../../../Engine/Content/EngineDebugMaterials/M_VolumeRenderSphereTracePP.uasset" 176
"../../../Engine/Content/EngineDebugMaterials/WireframeMaterial.uasset" 177
"../../../Engine/Content/EngineFonts/Faces/DroidSansFallback.uasset" 178
"../../../Engine/Content/EngineFonts/Faces/RobotoBold.uasset" 179
"../../../Engine/Content/EngineFonts/Faces/RobotoBoldItalic.uasset" 180
"../../../Engine/Content/EngineFonts/Faces/RobotoItalic.uasset" 181
"../../../Engine/Content/EngineFonts/Faces/RobotoLight.uasset" 182
"../../../Engine/Content/EngineFonts/Faces/RobotoRegular.uasset" 183
"../../../Engine/Content/EngineFonts/Roboto.uasset" 184
"../../../Engine/Content/EngineMaterials/BaseFlattenDiffuseMap.uasset" 185
"../../../Engine/Content/EngineMaterials/BaseFlattenEmissiveMap.uasset" 186
"../../../Engine/Content/EngineMaterials/BaseFlattenGrayscaleMap.uasset" 187
"../../../Engine/Content/EngineMaterials/BaseFlattenNormalMap.uasset" 188
"../../../Engine/Content/EngineMaterials/BaseFlattenMaterial.uasset" 189
"../../../Engine/Content/EngineMaterials/BlueNoise.uasset" 190
"../../../Engine/Content/EngineMaterials/DefaultBloomKernel.uasset" 191
"../../../Engine/Content/EngineMaterials/DefaultBokeh.uasset" 192
"../../../Engine/Content/EngineMaterials/DefaultDiffuse.uasset" 193
"../../../Engine/Content/EngineMaterials/DefaultDeferredDecalMaterial.uasset" 194
"../../../Engine/Content/EngineMaterials/DefaultLightFunctionMaterial.uasset" 195
"../../../Engine/Content/EngineMaterials/DefaultPhysicalMaterial.uasset" 196
"../../../Engine/Content/Functions/Engine_MaterialFunctions02/Utility/BreakOutFloat2Components.uasset" 197
"../../../Engine/Content/EngineMaterials/DefaultPostProcessMaterial.uasset" 198
"../../../Engine/Content/EngineFonts/RobotoDistanceField.uasset" 199
"../../../Engine/Content/EngineMaterials/DefaultTextMaterialOpaque.uasset" 200
"../../../Engine/Content/EngineMaterials/DefaultVirtualTextureMaterial.uasset" 201
"../../../Engine/Content/EngineMaterials/DefaultWhiteGrid.uasset" 202
"../../../Engine/Content/EngineMaterials/DefaultWhiteGrid_Low.uasset" 203
"../../../Engine/Content/EngineMaterials/EmissiveMeshMaterial.uasset" 204
"../../../Engine/Content/EngineMaterials/GizmoMaterial.uasset" 205
"../../../Engine/Content/EngineMaterials/Good64x64TilingNoiseHighFreq.uasset" 206
"../../../Engine/Content/EngineMaterials/HairDefaultMaterial.uasset" 207
"../../../Engine/Content/EngineMaterials/MiniFont.uasset" 208
"../../../Engine/Content/EngineMaterials/InvalidLightmapSettings.uasset" 209
"../../../Engine/Content/EngineMaterials/M_InvalidLightmapSettings.uasset" 210
"../../../Engine/Content/Functions/Engine_MaterialFunctions02/WorldPositionOffset/CameraOffset.uasset" 211
"../../../Engine/Content/EngineMaterials/PhAT_JointLimitMaterial.uasset" 212
"../../../Engine/Content/EngineMaterials/PreintegratedSkinBRDF.uasset" 213
"../../../Engine/Content/EngineMaterials/RemoveSurfaceMaterial.uasset" 214
"../../../Engine/Content/EngineMaterials/WeightMapPlaceholderTexture.uasset" 215
"../../../Engine/Content/EngineResources/WhiteSquareTexture.uasset" 216
"../../../Engine/Content/EngineMaterials/Widget3DPassThrough.uasset" 217
"../../../Engine/Content/EngineMaterials/Widget3DPassThrough_Masked.uasset" 218
"../../../Engine/Content/EngineMaterials/Widget3DPassThrough_Opaque.uasset" 219
"../../../Engine/Content/EngineMaterials/Widget3DPassThrough_Masked_OneSided.uasset" 220
"../../../Engine/Content/EngineMaterials/Widget3DPassThrough_Opaque_OneSided.uasset" 221
"../../../Engine/Content/EngineMaterials/Widget3DPassThrough_Translucent.uasset" 222
"../../../Engine/Content/EngineMaterials/Widget3DPassThrough_Translucent_OneSided.uasset" 223
"../../../Engine/Content/EngineMeshes/Cylinder.uasset" 224
"../../../Engine/Content/EngineMeshes/Sphere.uasset" 225
"../../../Engine/Content/EngineResources/DefaultTexture.uasset" 226
"../../../Engine/Content/EngineResources/DefaultTextureCube.uasset" 227
"../../../Engine/Content/EngineResources/DefaultVolumeTexture2D.uasset" 228
"../../../Engine/Content/EngineResources/DefaultVolumeTexture.uasset" 229
"../../../Engine/Content/EngineResources/GradientTexture0.uasset" 230
"../../../Engine/Content/EngineSounds/Master.uasset" 231
"../../../Engine/Content/Functions/Engine_MaterialFunctions01/Shading/ConvertFromDiffSpec.uasset" 232
"../../../Engine/Content/Functions/Engine_MaterialFunctions01/Shading/PowerToRoughness.uasset" 233
"../../../Engine/Content/Maps/Templates/Thumbnails/Default.uasset" 234
"../../../Engine/Content/Maps/Templates/Thumbnails/TimeOfDay.uasset" 235
"../../../Engine/Content/Maps/Templates/Thumbnails/VR-Basic.uasset" 236
"../../../Engine/Content/MobileResources/T_MobileControls_texture.uasset" 237
"../../../Engine/Content/MobileResources/T_MobileMenu2.uasset" 238
"../../../Engine/Content/MobileResources/HUD/AnalogHat.uasset" 239
"../../../Engine/Content/MobileResources/HUD/VirtualJoystick_Background.uasset" 240
"../../../Engine/Content/MobileResources/HUD/VirtualJoystick_Thumb.uasset" 241
"../../../Engine/Content/MobileResources/HUD/DefaultVirtualJoysticks.uasset" 242
"../../../Engine/Content/MobileResources/HUD/LeftVirtualJoystickOnly.uasset" 243
"../../../Engine/Content/MobileResources/HUD/MobileHUDButton1_off.uasset" 244
"../../../Engine/Content/MobileResources/HUD/MobileHUDButton1_on.uasset" 245
"../../../Engine/Content/MobileResources/HUD/MobileHUDButton2_off.uasset" 246
"../../../Engine/Content/MobileResources/HUD/MobileHUDButton2_on.uasset" 247
"../../../Engine/Content/MobileResources/HUD/MobileHUDButton3.uasset" 248
"../../../Engine/Content/MobileResources/HUD/MobileHUDButtonFire.uasset" 249
"../../../Engine/Content/MobileResources/HUD/MobileHUDDirectionPad.uasset" 250
"../../../Engine/Content/MobileResources/HUD/MobileHUDDirectionPad2.uasset" 251
"../../../Engine/Content/MobileResources/HUD/MobileHUDDirectionPad3.uasset" 252
"../../../Engine/Content/MobileResources/HUD/MobileHUDDirectionStick.uasset" 253
"../../../Engine/Content/MobileResources/HUD/T_Castle_ThumbstickInner.uasset" 254
"../../../Engine/Content/MobileResources/HUD/T_Castle_ThumbstickOutter.uasset" 255
"../../../Engine/Content/Tutorial/ContentIntroCurve.uasset" 256
"../../../Engine/Content/Tutorial/Basics/LevelEditorAttract.uasset" 257
"../../../Engine/Content/Tutorial/Basics/TutorialAssets/icon_tab_Levels_40x.uasset" 258
"../../../Engine/Content/Tutorial/Basics/LevelEditorOverview.uasset" 259
"../../../Engine/Content/Tutorial/BlueprintTutorials/TutorialAssets/Blueprint_64x.uasset" 260
"../../../Engine/Content/Tutorial/BlueprintTutorials/BlueprintEditorTutorial.uasset" 261
"../../../Engine/Content/VREditor/LaserPointer/VR_LaserPower_01.uasset" 262
"../../../Engine/Content/VREditor/TransformGizmo/TransformGizmoMaterial.uasset" 263
"../../../Engine/Content/VREditor/TransformGizmo/TranslucentTransformGizmoMaterial.uasset" 264
"../../../Engine/Content/VREditor/TransformGizmo/BoundingBoxCorner.uasset" 265
"../../../Engine/Content/VREditor/TransformGizmo/BoundingBoxEdge.uasset" 266
"../../../Engine/Content/VREditor/TransformGizmo/PlaneTranslationHandle.uasset" 267
"../../../Engine/Content/VREditor/TransformGizmo/Main.uasset" 268
"../../../Engine/Content/VREditor/TransformGizmo/Xray.uasset" 269
"../../../Engine/Content/VREditor/TransformGizmo/SM_Sequencer_Key.uasset" 270
"../../../Engine/Content/VREditor/TransformGizmo/SM_Sequencer_Node.uasset" 271
"../../Plugins/2D/Paper2D/Content/PlaceholderTextures/DummySpriteTexture.uasset" 272
"../../Plugins/2D/Paper2D/Content/DummySprite.uasset" 273
"../../Plugins/2D/Paper2D/Content/DefaultPaperTerrainMaterial.uasset" 274
"../../Plugins/2D/Paper2D/Content/DummySpriteTexture.uasset" 275
"../../Plugins/2D/Paper2D/Content/DefaultSpriteMaterial.uasset" 276
"../../Plugins/2D/Paper2D/Content/MaskedUnlitSpriteMaterial.uasset" 277
"../../Plugins/2D/Paper2D/Content/OpaqueUnlitSpriteMaterial.uasset" 278
"../../Plugins/FX/Niagara/Content/Enums/ENiagaraBooleanLogicOps.uasset" 279
"../../Plugins/FX/Niagara/Content/Enums/ENiagaraCoordinateSpace.uasset" 280
"../../Plugins/FX/Niagara/Content/Enums/ENiagaraExpansionMode.uasset" 281
"../../Plugins/FX/Niagara/Content/Enums/ENiagaraOrientationAxis.uasset" 282
"../../Plugins/FX/Niagara/Content/Enums/ENiagaraRandomnessMode.uasset" 283
"../../../Engine/Content/Functions/Engine_MaterialFunctions02/Utility/BreakOutFloat4Components.uasset" 284
"../../../Engine/Content/Functions/Engine_MaterialFunctions02/Utility/MakeFloat2.uasset" 285
"../../../Engine/Content/Functions/Engine_MaterialFunctions02/Utility/MakeFloat3.uasset" 286
"../../Plugins/Runtime/Oculus/OculusVR/Content/Materials/OculusMR_ChromaKey.uasset" 287
"../../Plugins/Runtime/Oculus/OculusVR/Content/Materials/OculusMR_ChromaKey_Lit.uasset" 288
"../../Plugins/Runtime/Oculus/OculusVR/Content/Materials/OculusMR_OpaqueColoredMaterial.uasset" 289
"../../Plugins/Runtime/Oculus/OculusVR/Content/Materials/OculusMR_WhiteMaterial.uasset" 290
"../../../Engine/Content/EditorBlueprintResources/StandardMacros.uasset" 291
"../../../Engine/Content/EngineSky/C_Sky_Cloud_Color.uasset" 292
"../../../Engine/Content/EngineSky/C_Sky_Horizon_Color.uasset" 293
"../../../Engine/Content/EngineSky/C_Sky_Zenith_Color.uasset" 294
"../../../Engine/Content/EngineSky/T_Sky_Blue.uasset" 295
"../../../Engine/Content/EngineSky/T_Sky_Clouds_M.uasset" 296
"../../../Engine/Content/EngineSky/T_Sky_Stars.uasset" 297
"../../../Engine/Content/EngineSky/M_Sky_Panning_Clouds2.uasset" 298
"../../../Engine/Content/EngineSky/SM_SkySphere.uasset" 299
"../../../Engine/Content/EngineSky/BP_Sky_Sphere.uasset" 300
"../../../Engine/Content/Functions/Engine_MaterialFunctions02/Utility/BlendAngleCorrectedNormals.uasset" 301
"../../../Engine/Content/EngineMaterials/T_Default_Normal.uasset" 302
"../../../../../HS/HammerStruggle/HammerStruggle/Content/Mastermaterial/Default_Textures/T_DefaultBlack.uasset" 303
"../../../../../HS/HammerStruggle/HammerStruggle/Content/Mastermaterial/Default_Textures/T_DefaultNormal.uasset" 304
"../../../../../HS/HammerStruggle/HammerStruggle/Content/Mastermaterial/Default_Textures/T_DefaultWhite.uasset" 305
"../../../../../HS/HammerStruggle/HammerStruggle/Content/Mastermaterial/Default_Textures/T_UV_Mask.uasset" 306
"../../../../../HS/HammerStruggle/HammerStruggle/Content/Mastermaterial/M_Combined_UV0-1-2.uasset" 307
"../../../../../HS/HammerStruggle/HammerStruggle/Content/Environment/Buildings/Textures/T_Door_AO_R_MT_E.uasset" 308
"../../../../../HS/HammerStruggle/HammerStruggle/Content/Environment/Buildings/Textures/T_Door_DX_N.uasset" 309
"../../../../../HS/HammerStruggle/HammerStruggle/Content/Environment/Buildings/Textures/T_Wood_a_AO_R_MT_E.uasset" 310
"../../../../../HS/HammerStruggle/HammerStruggle/Content/Environment/Buildings/Textures/T_Wood_a_BC_O.uasset" 311
"../../../../../HS/HammerStruggle/HammerStruggle/Content/Environment/Buildings/Textures/T_Wood_a_DX_N.uasset" 312
"../../../../../HS/HammerStruggle/HammerStruggle/Content/Environment/Buildings/Materials/MI_Door.uasset" 313
"../../../../../HS/HammerStruggle/HammerStruggle/Content/Environment/Buildings/Meshes/SM_Door_Left.uasset" 314
"../../../../../HS/HammerStruggle/HammerStruggle/Content/Environment/Buildings/Meshes/SM_Door_Right.uasset" 315
"../../../../../HS/HammerStruggle/HammerStruggle/Content/Environment/Buildings/Blueprints/BP_Door.uasset" 316
"../../../../../HS/HammerStruggle/HammerStruggle/Content/Gameplay/Resources/Ressources/BP_BaseResouces.uasset" 317
"../../../../../HS/HammerStruggle/HammerStruggle/Content/Gameplay/Resources/Enum_Rarity.uasset" 318
"../../../Engine/Content/Functions/Engine_MaterialFunctions01/Texturing/FlattenNormal.uasset" 319
"../../../Engine/Content/Functions/MaterialLayerFunctions/MatLayerBlend_OverrideOpacityMask.uasset" 320
"../../../Engine/Content/Functions/MaterialLayerFunctions/MatLayerBlend_Standard.uasset" 321
"../../../../../HS/HammerStruggle/HammerStruggle/Content/Import/AncientTreasures/Materials/Functions/MF_Fresnel_01a.uasset" 322
"../../../../../HS/HammerStruggle/HammerStruggle/Content/Import/AncientTreasures/Textures/Unique/TX_SandMaterial_01a_ALB.uasset" 323
"../../../../../HS/HammerStruggle/HammerStruggle/Content/Import/AncientTreasures/Textures/Unique/TX_SandMaterial_01a_NRM.uasset" 324
"../../../../../HS/HammerStruggle/HammerStruggle/Content/Import/AncientTreasures/Textures/Unique/TX_SandMaterial_01a_RMA.uasset" 325
"../../../../../HS/HammerStruggle/HammerStruggle/Content/Import/AncientTreasures/Textures/Utility/TX_SandMask_01a_M.uasset" 326
"../../../../../HS/HammerStruggle/HammerStruggle/Content/Import/AncientTreasures/Materials/Functions/MF_Sand_01a.uasset" 327
"../../../../../HS/HammerStruggle/HammerStruggle/Content/Import/AncientTreasures/Textures/Unique/TX_Coins_01a_H.uasset" 328
"../../../../../HS/HammerStruggle/HammerStruggle/Content/Import/AncientTreasures/Textures/Utility/TX_Cube_01a_CUBE.uasset" 329
"../../../../../HS/HammerStruggle/HammerStruggle/Content/Import/AncientTreasures/Textures/Utility/TX_Fill_01a_ALB.uasset" 330
"../../../../../HS/HammerStruggle/HammerStruggle/Content/Import/AncientTreasures/Textures/Utility/TX_Fill_01a_H.uasset" 331
"../../../../../HS/HammerStruggle/HammerStruggle/Content/Import/AncientTreasures/Textures/Utility/TX_Fill_01a_NRM.uasset" 332
"../../../../../HS/HammerStruggle/HammerStruggle/Content/Import/AncientTreasures/Textures/Utility/TX_Fill_01a_RMA.uasset" 333
"../../../../../HS/HammerStruggle/HammerStruggle/Content/Import/AncientTreasures/Materials/Masters/MM_Master_Material_01a.uasset" 334
"../../../../../HS/HammerStruggle/HammerStruggle/Content/Import/AncientTreasures/Textures/Unique/TX_Chest_01a_ALB.uasset" 335
"../../../../../HS/HammerStruggle/HammerStruggle/Content/Import/AncientTreasures/Textures/Unique/TX_Chest_01a_NRM.uasset" 336
"../../../../../HS/HammerStruggle/HammerStruggle/Content/Import/AncientTreasures/Textures/Unique/TX_Chest_01a_RMA.uasset" 337
"../../../../../HS/HammerStruggle/HammerStruggle/Content/Import/AncientTreasures/Materials/Instances/MI_Chest_01a.uasset" 338
"../../../../../HS/HammerStruggle/HammerStruggle/Content/Import/AncientTreasures/Meshes/SM_Chest_01a.uasset" 339
"../../../../../HS/HammerStruggle/HammerStruggle/Content/Import/AncientTreasures/Textures/Unique/TX_Chest_02a_ALB.uasset" 340
"../../../../../HS/HammerStruggle/HammerStruggle/Content/Import/AncientTreasures/Textures/Unique/TX_Chest_02a_NRM.uasset" 341
"../../../../../HS/HammerStruggle/HammerStruggle/Content/Import/AncientTreasures/Textures/Unique/TX_Chest_02a_RMA.uasset" 342
"../../../../../HS/HammerStruggle/HammerStruggle/Content/Import/AncientTreasures/Materials/Instances/MI_Chest_02a.uasset" 343
"../../../../../HS/HammerStruggle/HammerStruggle/Content/Import/AncientTreasures/Meshes/SM_Chest_02c.uasset" 344
"../../../../../HS/HammerStruggle/HammerStruggle/Content/Gameplay/Resources/BP_Ressource_Base_LoadChest.uasset" 345
"../../../../../HS/HammerStruggle/HammerStruggle/Content/Mastermaterial/M_MT_R_E_Mask.uasset" 346
"../../../../../HS/HammerStruggle/HammerStruggle/Content/Gameplay/Resources/Textures/T_Resources_AO_R_MT_E.uasset" 347
"../../../../../HS/HammerStruggle/HammerStruggle/Content/Gameplay/Resources/Textures/T_Resources_BC_O.uasset" 348
"../../../../../HS/HammerStruggle/HammerStruggle/Content/Gameplay/Resources/Textures/T_Resources_DX_N.uasset" 349
"../../../../../HS/HammerStruggle/HammerStruggle/Content/Gameplay/Resources/Materials/MI_Resources.uasset" 350
"../../../../../HS/HammerStruggle/HammerStruggle/Content/Gameplay/Resources/Meshes/SM_Resources_Copper.uasset" 351
"../../../../../HS/HammerStruggle/HammerStruggle/Content/Gameplay/Resources/Ressources/BP_Ressource_Copper.uasset" 352
"../../../../../HS/HammerStruggle/HammerStruggle/Content/Gameplay/Round/E_RoundStatus.uasset" 353
"../../../../../HS/HammerStruggle/HammerStruggle/Content/Gameplay/Round/BP_RoundController.uasset" 354
"../../../../../HS/HammerStruggle/HammerStruggle/Content/Characters/NPC/Enemies/KI/Melee/BB_BT/BB_Melee.uasset" 355
"../../../../../HS/HammerStruggle/HammerStruggle/Content/Characters/NPC/Enemies/KI/Tasks/BT_AIGetReandomLocation.uasset" 356
"../../../../../HS/HammerStruggle/HammerStruggle/Content/Characters/NPC/Enemies/KI/Tasks/BT_Attack.uasset" 357
"../../../../../HS/HammerStruggle/HammerStruggle/Content/Characters/NPC/Enemies/KI/Tasks/BT_FocusOnPlayer.uasset" 358
"../../../../../HS/HammerStruggle/HammerStruggle/Content/Characters/NPC/Enemies/KI/Tasks/BT_NotLookingPlayer.uasset" 359
"../../../../../HS/HammerStruggle/HammerStruggle/Content/Characters/NPC/Enemies/KI/Melee/BB_BT/BT_Melee.uasset" 360
"../../../../../HS/HammerStruggle/HammerStruggle/Content/Characters/NPC/Enemies/KI/Throw/BB_BT/BB_Throw.uasset" 361
"../../../../../HS/HammerStruggle/HammerStruggle/Content/Characters/NPC/Enemies/KI/Tasks/BT_Throw.uasset" 362
"../../../../../HS/HammerStruggle/HammerStruggle/Content/Characters/NPC/Enemies/KI/Throw/BB_BT/BT_Throw.uasset" 363
"../../../Engine/Content/EngineResources/Black.uasset" 364
"../../../../../HS/HammerStruggle/HammerStruggle/Content/Import/InfinityBladeEffects/Effects/Masters/M_Add_Sprite_Master.uasset" 365
"../../../../../HS/HammerStruggle/HammerStruggle/Content/Import/InfinityBladeEffects/Effects/FX_Textures/Gradient/T_Flare_Streaks_02.uasset" 366
"../../../../../HS/HammerStruggle/HammerStruggle/Content/Import/InfinityBladeEffects/Effects/FX_Materials/Gradient/M_Flare_Streak_01_INST.uasset" 367
"../../../../../HS/HammerStruggle/HammerStruggle/Content/Import/InfinityBladeEffects/Effects/Masters/M_Add_Sprite_SubUV_Master.uasset" 368
"../../../../../HS/HammerStruggle/HammerStruggle/Content/Import/InfinityBladeEffects/Effects/FX_Textures/Gradient/T_impactFlares_meleeBase.uasset" 369
"../../../../../HS/HammerStruggle/HammerStruggle/Content/Import/InfinityBladeEffects/Effects/FX_Materials/Gradient/M_Flash_Impact_01_1X2_INST.uasset" 370
"../../../../../HS/HammerStruggle/HammerStruggle/Content/Import/InfinityBladeEffects/Effects/FX_Textures/Spark/T_Sparks_03_SubUV_1_4.uasset" 371
"../../../../../HS/HammerStruggle/HammerStruggle/Content/Import/InfinityBladeEffects/Effects/FX_Materials/Spark/M_Spark_03_1_4_INST.uasset" 372
"../../../../../HS/HammerStruggle/HammerStruggle/Content/Import/InfinityBladeEffects/Effects/FX_Combat_Base/Impact/P_Impact_Enemy_Strong.uasset" 373
"../../../../../HS/HammerStruggle/HammerStruggle/Content/Characters/NPC/Enemies/Animations/NotifyStates/NotifyState_Attack.uasset" 374
"../../../../../HS/HammerStruggle/HammerStruggle/Content/Characters/NPC/Enemies/SK_Golem_Skeleton.uasset" 375
"../../../../../HS/HammerStruggle/HammerStruggle/Content/Characters/NPC/Enemies/Animations/StandingMeleeAttackHorizontalRight_AnimBlueprint.uasset" 376
"../../../../../HS/HammerStruggle/HammerStruggle/Content/Characters/NPC/Enemies/Animations/Idle_AnimBlueprint.uasset" 377
"../../../../../HS/HammerStruggle/HammerStruggle/Content/Characters/NPC/Enemies/Animations/Zombie_Running_AnimBlueprint.uasset" 378
"../../../../../HS/HammerStruggle/HammerStruggle/Content/Characters/NPC/Enemies/Animations/Idel_Run_Blend.uasset" 379
"../../../../../HS/HammerStruggle/HammerStruggle/Content/Characters/NPC/Enemies/KI/Melee/Blueprints/BP_AI_MeleeGolemAnimation.uasset" 380
"../../../../../HS/HammerStruggle/HammerStruggle/Content/Characters/NPC/Enemies/KI/Melee/Blueprints/BP_AI_Melee_Controller.uasset" 381
"../../../../../HS/HammerStruggle/HammerStruggle/Content/Characters/NPC/Enemies/KI/Melee/Blueprints/BP_AI_Melee_Character.uasset" 382
"../../../../../HS/HammerStruggle/HammerStruggle/Content/Characters/NPC/Enemies/Animations/StandingMeleeAttackBackhand_AnimBlueprint.uasset" 383
"../../../../../HS/HammerStruggle/HammerStruggle/Content/Characters/NPC/Enemies/Animations/NotifyStates/NotifyState_Throw.uasset" 384
"../../../../../HS/HammerStruggle/HammerStruggle/Content/Characters/NPC/Enemies/Animations/ThrowIn_AnimBlueprint.uasset" 385
"../../../../../HS/HammerStruggle/HammerStruggle/Content/Characters/NPC/Enemies/Animations/TPose_Layer0_AnimBlueprint.uasset" 386
"../../../../../HS/HammerStruggle/HammerStruggle/Content/Characters/NPC/Enemies/KI/Throw/Blueprints/BP_AI_ThrowGolemAnimation.uasset" 387
"../../../../../HS/HammerStruggle/HammerStruggle/Content/Import/GrenadePack/Textures/t_circular_stamp.uasset" 388
"../../../../../HS/HammerStruggle/HammerStruggle/Content/Import/GrenadePack/Materials/M_Burst_add.uasset" 389
"../../../../../HS/HammerStruggle/HammerStruggle/Content/Import/GrenadePack/Materials/MF_NearCameraFade.uasset" 390
"../../../../../HS/HammerStruggle/HammerStruggle/Content/Import/GrenadePack/Textures/t_debris_grit_01.uasset" 391
"../../../../../HS/HammerStruggle/HammerStruggle/Content/Import/GrenadePack/Materials/M_debris_grit.uasset" 392
"../../../../../HS/HammerStruggle/HammerStruggle/Content/Import/GrenadePack/Textures/t_explosion_shapes_burst_add.uasset" 393
"../../../../../HS/HammerStruggle/HammerStruggle/Content/Import/GrenadePack/Materials/M_ExplosionShapes_burst.uasset" 394
"../../../../../HS/HammerStruggle/HammerStruggle/Content/Import/GrenadePack/Textures/t_drip_single.uasset" 395
"../../../../../HS/HammerStruggle/HammerStruggle/Content/Import/GrenadePack/Textures/t_drip_single_mask.uasset" 396
"../../../../../HS/HammerStruggle/HammerStruggle/Content/Import/GrenadePack/Materials/M_fluid_drip.uasset" 397
"../../../../../HS/HammerStruggle/HammerStruggle/Content/Import/GrenadePack/Textures/t_cloud_graypack.uasset" 398
"../../../../../HS/HammerStruggle/HammerStruggle/Content/Import/GrenadePack/Textures/t_FluidBaseSub_mask.uasset" 399
"../../../../../HS/HammerStruggle/HammerStruggle/Content/Import/GrenadePack/Textures/t_FluidBaseSub_N.uasset" 400
"../../../../../HS/HammerStruggle/HammerStruggle/Content/Import/GrenadePack/Materials/M_fluid_splash.uasset" 401
"../../../../../HS/HammerStruggle/HammerStruggle/Content/Import/GrenadePack/Textures/t_heat_normal.uasset" 402
"../../../../../HS/HammerStruggle/HammerStruggle/Content/Import/GrenadePack/Materials/M_HeatDistortion_mesh.uasset" 403
"../../../../../HS/HammerStruggle/HammerStruggle/Content/Import/GrenadePack/Textures/t_cloud_graypack_02.uasset" 404
"../../../../../HS/HammerStruggle/HammerStruggle/Content/Import/GrenadePack/Textures/t_cloud_noise_01.uasset" 405
"../../../../../HS/HammerStruggle/HammerStruggle/Content/Import/GrenadePack/Textures/t_distort_channels.uasset" 406
"../../../../../HS/HammerStruggle/HammerStruggle/Content/Import/GrenadePack/Textures/t_NormalTest.uasset" 407
"../../../../../HS/HammerStruggle/HammerStruggle/Content/Import/GrenadePack/Textures/t_smoke_gravity_2.uasset" 408
"../../../../../HS/HammerStruggle/HammerStruggle/Content/Import/GrenadePack/Materials/M_smoke_gravity_noise_dirlit01.uasset" 409
"../../../../../HS/HammerStruggle/HammerStruggle/Content/Import/GrenadePack/Textures/t_debris_bit_gpu.uasset" 410
"../../../../../HS/HammerStruggle/HammerStruggle/Content/Import/GrenadePack/Materials/M_debris_SUB.uasset" 411
"../../../../../HS/HammerStruggle/HammerStruggle/Content/Import/GrenadePack/Materials/M_debris_single_GPU_Inst.uasset" 412
"../../../../../HS/HammerStruggle/HammerStruggle/Content/Import/GrenadePack/Meshes/VFX_Sphere.uasset" 413
"../../../../../HS/HammerStruggle/HammerStruggle/Content/Characters/NPC/Enemies/KI/Particles/VFX_LTGrenadeEXP_water.uasset" 414
"../../../../../HS/HammerStruggle/HammerStruggle/Content/Characters/NPC/Textures/T_Lava_AO_R_MT_E.uasset" 415
"../../../../../HS/HammerStruggle/HammerStruggle/Content/Characters/NPC/Textures/T_Lava_BC_O.uasset" 416
"../../../../../HS/HammerStruggle/HammerStruggle/Content/Characters/NPC/Textures/T_Lava_DX_N.uasset" 417
"../../../../../HS/HammerStruggle/HammerStruggle/Content/Characters/NPC/Materials/MI_LavaProjectile.uasset" 418
"../../../../../HS/HammerStruggle/HammerStruggle/Content/Characters/NPC/Enemies/SK_LavaStone_PhysicsAsset.uasset" 419
"../../../../../HS/HammerStruggle/HammerStruggle/Content/Characters/NPC/Enemies/SK_LavaStone_Skeleton.uasset" 420
"../../../../../HS/HammerStruggle/HammerStruggle/Content/Characters/NPC/Enemies/SK_LavaStone.uasset" 421
"../../../../../HS/HammerStruggle/HammerStruggle/Content/Import/InfinityBladeEffects/Effects/Masters/M_Trans_Sprite_SubUV_Master.uasset" 422
"../../../../../HS/HammerStruggle/HammerStruggle/Content/Import/InfinityBladeEffects/Effects/FX_Textures/Liquid/T_Liquid_Splatter_01_6X6.uasset" 423
"../../../../../HS/HammerStruggle/HammerStruggle/Content/Import/InfinityBladeEffects/Effects/FX_Materials/Liquid/M_Liquid_Splatter_01_6X6.uasset" 424
"../../../../../HS/HammerStruggle/HammerStruggle/Content/Import/InfinityBladeEffects/Effects/FX_Textures/Tile/T_Black_32.uasset" 425
"../../../../../HS/HammerStruggle/HammerStruggle/Content/Import/InfinityBladeEffects/Effects/Masters/M_Trans_Sprite_Master_DepthFade.uasset" 426
"../../../../../HS/HammerStruggle/HammerStruggle/Content/Import/InfinityBladeEffects/Effects/FX_Textures/Liquid/T_bloodTest_4X6.uasset" 427
"../../../../../HS/HammerStruggle/HammerStruggle/Content/Import/InfinityBladeEffects/Effects/FX_Materials/Liquid/M_Liquid_Spray_01_4X6_INST.uasset" 428
"../../../../../HS/HammerStruggle/HammerStruggle/Content/Import/InfinityBladeEffects/Effects/FX_Textures/Smoke/T_SmokeBall_01_8_8.uasset" 429
"../../../../../HS/HammerStruggle/HammerStruggle/Content/Import/InfinityBladeEffects/Effects/FX_Materials/Smoke/M_Smoke_01_8X8_INST.uasset" 430
"../../../../../HS/HammerStruggle/HammerStruggle/Content/Import/InfinityBladeEffects/Effects/FX_Cines/cinema03/P_CIN_03_WaterDipSteam.uasset" 431
"../../../../../HS/HammerStruggle/HammerStruggle/Content/Characters/NPC/Enemies/KI/Projectile.uasset" 432
"../../../../../HS/HammerStruggle/HammerStruggle/Content/Characters/NPC/Enemies/KI/Throw/Blueprints/BP_AI_Throw_Controller.uasset" 433
"../../../../../HS/HammerStruggle/HammerStruggle/Content/Characters/NPC/Enemies/KI/Throw/Blueprints/BP_AI_Throw_CharacterFix.uasset" 434
"../../../Engine/Content/Functions/Engine_MaterialFunctions02/Fresnel_Function.uasset" 435
"../../../Engine/Content/Functions/Engine_MaterialFunctions03/ComplexMotion/Motion_4WayChaos.uasset" 436
"../../../Engine/Content/MaterialTemplates/Textures/T_Noise01.uasset" 437
"../../../../../HS/HammerStruggle/HammerStruggle/Content/Mastermaterial/M_Chaos.uasset" 438
"../../../../../HS/HammerStruggle/HammerStruggle/Content/Gameplay/Resources/Materials/MI_Resources_Gem.uasset" 439
"../../../../../HS/HammerStruggle/HammerStruggle/Content/Gameplay/Resources/Meshes/SM_Resources_Gem.uasset" 440
"../../../../../HS/HammerStruggle/HammerStruggle/Content/Gameplay/Resources/Ressources/BP_Ressource_Gem.uasset" 441
"../../../../../HS/HammerStruggle/HammerStruggle/Content/Gameplay/Resources/Meshes/SM_Resources_Gold.uasset" 442
"../../../../../HS/HammerStruggle/HammerStruggle/Content/Gameplay/Resources/Ressources/BP_Ressource_Gold.uasset" 443
"../../../../../HS/HammerStruggle/HammerStruggle/Content/Gameplay/Resources/Meshes/SM_Resources_Iron.uasset" 444
"../../../../../HS/HammerStruggle/HammerStruggle/Content/Gameplay/Resources/Ressources/BP_Ressource_Iron.uasset" 445
"../../../../../HS/HammerStruggle/HammerStruggle/Content/Gameplay/Resources/Meshes/SM_Resources_Marble.uasset" 446
"../../../../../HS/HammerStruggle/HammerStruggle/Content/Gameplay/Resources/Ressources/BP_Ressource_Marbel.uasset" 447
"../../../../../HS/HammerStruggle/HammerStruggle/Content/Gameplay/Resources/Meshes/SM_Resources_Silver.uasset" 448
"../../../../../HS/HammerStruggle/HammerStruggle/Content/Gameplay/Resources/Ressources/BP_Ressource_Silver.uasset" 449
"../../../../../HS/HammerStruggle/HammerStruggle/Content/Gameplay/Resources/Meshes/SM_Resources_Stone.uasset" 450
"../../../../../HS/HammerStruggle/HammerStruggle/Content/Gameplay/Resources/Ressources/BP_Ressource_Stone.uasset" 451
"../../../../../HS/HammerStruggle/HammerStruggle/Content/Gameplay/Resources/Meshes/SM_Resources_Wood.uasset" 452
"../../../../../HS/HammerStruggle/HammerStruggle/Content/Gameplay/Resources/Ressources/BP_Ressource_Wood.uasset" 453
"../../../../../HS/HammerStruggle/HammerStruggle/Content/Gameplay/Round/BP_EnemySpawner.uasset" 454
"../../../../../HS/HammerStruggle/HammerStruggle/Content/Characters/NPC/Enemies/KI/UI_AIHealthBar.uasset" 455
"../../../Engine/Content/BasicShapes/Sphere.uasset" 456
"../../../../../HS/HammerStruggle/HammerStruggle/Content/Characters/NPC/Enemies/SK_GolemEmpty.uasset" 457
"../../../../../HS/HammerStruggle/HammerStruggle/Content/Characters/NPC/Textures/T_Golem_AO_R_MT_E.uasset" 458
"../../../../../HS/HammerStruggle/HammerStruggle/Content/Characters/NPC/Textures/T_Golem_BC_O.uasset" 459
"../../../../../HS/HammerStruggle/HammerStruggle/Content/Characters/NPC/Textures/T_Golem_DX_N.uasset" 460
"../../../../../HS/HammerStruggle/HammerStruggle/Content/Characters/NPC/Materials/MI_Golem.uasset" 461
"../../../../../HS/HammerStruggle/HammerStruggle/Content/Characters/NPC/Materials/MI_GolemCrystalChaos.uasset" 462
"../../../../../HS/HammerStruggle/HammerStruggle/Content/Characters/NPC/Meshes/SK_Golem_Chest_Element_Crystal_Low.uasset" 463
"../../../../../HS/HammerStruggle/HammerStruggle/Content/Characters/NPC/Meshes/SK_Golem_Chest_Low.uasset" 464
"../../../../../HS/HammerStruggle/HammerStruggle/Content/Characters/NPC/Meshes/SK_Golem_Head_Low.uasset" 465
"../../../../../HS/HammerStruggle/HammerStruggle/Content/Characters/NPC/Meshes/SK_Golem_LFoot_Low.uasset" 466
"../../../../../HS/HammerStruggle/HammerStruggle/Content/Characters/NPC/Meshes/SK_Golem_LHand_Element_Crystal_Low.uasset" 467
"../../../../../HS/HammerStruggle/HammerStruggle/Content/Characters/NPC/Meshes/SK_Golem_LHand_Low.uasset" 468
"../../../../../HS/HammerStruggle/HammerStruggle/Content/Characters/NPC/Meshes/SK_Golem_LShoulder_Element_Crystal_Low.uasset" 469
"../../../../../HS/HammerStruggle/HammerStruggle/Content/Characters/NPC/Meshes/SK_Golem_LShoulder_Low.uasset" 470
"../../../../../HS/HammerStruggle/HammerStruggle/Content/Characters/NPC/Meshes/SK_Golem_RFoot_Low.uasset" 471
"../../../../../HS/HammerStruggle/HammerStruggle/Content/Characters/NPC/Meshes/SK_Golem_RHand_Low.uasset" 472
"../../../../../HS/HammerStruggle/HammerStruggle/Content/Characters/NPC/Meshes/SK_Golem_RShoulder_Element_Crystal_Low.uasset" 473
"../../../../../HS/HammerStruggle/HammerStruggle/Content/Characters/NPC/Meshes/SK_Golem_RShoulder_Low.uasset" 474
"../../../../../HS/HammerStruggle/HammerStruggle/Content/Characters/NPC/Meshes/SK_Golem_Stomach_Low.uasset" 475
"../../../../../HS/HammerStruggle/HammerStruggle/Content/Characters/NPC/Enemies/KI/BP_AIBase.uasset" 476
"../../../../../HS/HammerStruggle/HammerStruggle/Content/Import/InfinityBladeEffects/Effects/FX_Textures/Spark/T_Spark_Core.uasset" 477
"../../../../../HS/HammerStruggle/HammerStruggle/Content/Import/InfinityBladeEffects/Effects/FX_Materials/Spark/M_Spark_Core_01_INST.uasset" 478
"../../../../../HS/HammerStruggle/HammerStruggle/Content/Import/InfinityBladeEffects/Effects/FX_Combat_Base/Impact/P_ImpactSpark.uasset" 479
"../../../../../HS/HammerStruggle/HammerStruggle/Content/Characters/PC/Animations/Animation_Notify/NotifyState_LAttack.uasset" 480
"../../../../../HS/HammerStruggle/HammerStruggle/Content/Characters/PC/Mesh/SK_PC_Dwarf_Skeleton.uasset" 481
"../../../../../HS/HammerStruggle/HammerStruggle/Content/Characters/PC/Animations/Attack_Easy/A_SaS_Slash_Easy_1_Root_active.uasset" 482
"../../../../../HS/HammerStruggle/HammerStruggle/Content/Characters/PC/Animations/Attack_Easy/A_SaS_Slash_Easy_2_Root_active.uasset" 483
"../../../../../HS/HammerStruggle/HammerStruggle/Content/Characters/PC/Animations/Animation_Notify/NotifyState_HAttack.uasset" 484
"../../../../../HS/HammerStruggle/HammerStruggle/Content/Characters/PC/Animations/Attack_Hard/A_SaS_Attack_Hard_fast_Root_active.uasset" 485
"../../../../../HS/HammerStruggle/HammerStruggle/Content/Characters/PC/Animations/Attack_Hard/A_SaS_Attack_Hard_slow_Root_active.uasset" 486
"../../../../../HS/HammerStruggle/HammerStruggle/Content/Characters/PC/Animations/Animation_Notify/Notify_Energyball.uasset" 487
"../../../../../HS/HammerStruggle/HammerStruggle/Content/Characters/PC/Animations/Cast/A_SaS_Casting_EnergyBall_Root_active.uasset" 488
"../../../../../HS/HammerStruggle/HammerStruggle/Content/Characters/PC/Animations/Cast/A_SaS_Casting_Heal_Root_active.uasset" 489
"../../../../../HS/HammerStruggle/HammerStruggle/Content/Characters/PC/Animations/Death/A_SaS_Death_Root_active.uasset" 490
"../../../../../HS/HammerStruggle/HammerStruggle/Content/Characters/PC/Animations/Idle/A_SaS_Idle_1_Root_active.uasset" 491
"../../../../../HS/HammerStruggle/HammerStruggle/Content/Characters/PC/Animations/Run/A_SaS_Run_Forward_Root_passive.uasset" 492
"../../../../../HS/HammerStruggle/HammerStruggle/Content/Characters/PC/Animations/Walk/A_SaS_Walk_Forward_Root_passive.uasset" 493
"../../../../../HS/HammerStruggle/HammerStruggle/Content/Characters/PC/Animations/Idel_Run_Blend.uasset" 494
"../../../../../HS/HammerStruggle/HammerStruggle/Content/Characters/PC/Blueprints/EPlayerAttack.uasset" 495
"../../../../../HS/HammerStruggle/HammerStruggle/Content/Characters/PC/Animations/AnimBP_PC_Dwarf.uasset" 496
"../../../../../HS/HammerStruggle/HammerStruggle/Content/Mastermaterial/M_Emission.uasset" 497
"../../../../../HS/HammerStruggle/HammerStruggle/Content/Equipment/Materials/MI_EnergyBall.uasset" 498
"../../../../../HS/HammerStruggle/HammerStruggle/Content/Equipment/Meshes/Projectile/SK_EnergyBall_PhysicsAsset.uasset" 499
"../../../../../HS/HammerStruggle/HammerStruggle/Content/Equipment/Meshes/Projectile/SK_EnergyBall_Skeleton.uasset" 500
"../../../../../HS/HammerStruggle/HammerStruggle/Content/Equipment/Meshes/Projectile/SK_EnergyBall.uasset" 501
"../../../../../HS/HammerStruggle/HammerStruggle/Content/Import/InfinityBladeEffects/Effects/FX_Textures/Lightning/T_Lightning_Radial_4X4.uasset" 502
"../../../../../HS/HammerStruggle/HammerStruggle/Content/Import/InfinityBladeEffects/Effects/FX_Materials/Lightning/M_Lightning_Radial_01_Add_2X2_INST.uasset" 503
"../../../../../HS/HammerStruggle/HammerStruggle/Content/Equipment/VFX/VFX_EnergyBall_Light.uasset" 504
"../../../../../HS/HammerStruggle/HammerStruggle/Content/Import/M5VFXVOL2/Textures/firesingle/bigfire_single.uasset" 505
"../../../../../HS/HammerStruggle/HammerStruggle/Content/Import/M5VFXVOL2/Textures/Flow/disort_test2.uasset" 506
"../../../../../HS/HammerStruggle/HammerStruggle/Content/Import/M5VFXVOL2/Textures/Flow/EmberNoise3.uasset" 507
"../../../../../HS/HammerStruggle/HammerStruggle/Content/Import/M5VFXVOL2/Materials/Master/Distortion_Mat.uasset" 508
"../../../../../HS/HammerStruggle/HammerStruggle/Content/Import/M5VFXVOL2/Materials/Distortion/Distortion_Mat_Inst2.uasset" 509
"../../../../../HS/HammerStruggle/HammerStruggle/Content/Import/M5VFXVOL2/Textures/Flow/Flame.uasset" 510
"../../../../../HS/HammerStruggle/HammerStruggle/Content/Import/M5VFXVOL2/Materials/Master/Basic_Emi_Mat.uasset" 511
"../../../../../HS/HammerStruggle/HammerStruggle/Content/Import/M5VFXVOL2/Materials/Etc/Flame_Inst.uasset" 512
"../../../../../HS/HammerStruggle/HammerStruggle/Content/Import/M5VFXVOL2/Textures/CandleFire/CandleFire_D.uasset" 513
"../../../../../HS/HammerStruggle/HammerStruggle/Content/Import/M5VFXVOL2/Materials/Master/Sequence_Mat.uasset" 514
"../../../../../HS/HammerStruggle/HammerStruggle/Content/Import/M5VFXVOL2/Textures/Fireloop/grdbasefire2.uasset" 515
"../../../../../HS/HammerStruggle/HammerStruggle/Content/Import/M5VFXVOL2/Materials/Fireloop_Inst/grdbasefire2_Inst.uasset" 516
"../../../../../HS/HammerStruggle/HammerStruggle/Content/Import/M5VFXVOL2/Textures/Flow/Circle_normal.uasset" 517
"../../../../../HS/HammerStruggle/HammerStruggle/Content/Import/M5VFXVOL2/Textures/smoke/0_6_smoke.uasset" 518
"../../../../../HS/HammerStruggle/HammerStruggle/Content/Import/M5VFXVOL2/Materials/Master/Smoke1_Mat.uasset" 519
"../../../../../HS/HammerStruggle/HammerStruggle/Content/Import/M5VFXVOL2/Textures/smoke/5_6_smoke6.uasset" 520
"../../../../../HS/HammerStruggle/HammerStruggle/Content/Import/M5VFXVOL2/Materials/Smoke_Inst/5_6_smoke6_Inst.uasset" 521
"../../../../../HS/HammerStruggle/HammerStruggle/Content/Equipment/VFX/VFX_EnergyBall_Spark.uasset" 522
"../../../../../HS/HammerStruggle/HammerStruggle/Content/Import/InfinityBladeEffects/Effects/Masters/M_Add_Sprite_Master_DepthFade.uasset" 523
"../../../../../HS/HammerStruggle/HammerStruggle/Content/Import/InfinityBladeEffects/Effects/FX_Textures/Gradient/T_starFlare_01.uasset" 524
"../../../../../HS/HammerStruggle/HammerStruggle/Content/Import/InfinityBladeEffects/Effects/FX_Materials/Gradient/M_Flare_01_INST.uasset" 525
"../../../../../HS/HammerStruggle/HammerStruggle/Content/Import/InfinityBladeEffects/Effects/FX_Textures/Gradient/T_GlowFlare_Circular_02.uasset" 526
"../../../../../HS/HammerStruggle/HammerStruggle/Content/Import/InfinityBladeEffects/Effects/FX_Materials/Gradient/M_Flare_06_INST.uasset" 527
"../../../../../HS/HammerStruggle/HammerStruggle/Content/Import/InfinityBladeEffects/Effects/FX_Textures/Lightning/T_Lightning_Arc_4x1.uasset" 528
"../../../../../HS/HammerStruggle/HammerStruggle/Content/Import/InfinityBladeEffects/Effects/FX_Materials/Lightning/M_Lightning_Arc_01_Trans_4X1_INST.uasset" 529
"../../../../../HS/HammerStruggle/HammerStruggle/Content/Import/InfinityBladeEffects/Effects/FX_Skill_TeleCharge/P_Skill_Telecharge_Shock_Impact_01.uasset" 530
"../../../../../HS/HammerStruggle/HammerStruggle/Content/Characters/PC/Blueprints/BP_Energyball.uasset" 531
"../../../../../HS/HammerStruggle/HammerStruggle/Content/UI/Fonts/Intro_Fonts/Intro_Regular_Caps_Regular.uasset" 532
"../../../../../HS/HammerStruggle/HammerStruggle/Content/UI/Fonts/Intro_Fonts/Intro_Regular_Caps_Regular_Font.uasset" 533
"../../../../../HS/HammerStruggle/HammerStruggle/Content/UI/Icons/XButton_Icon.uasset" 534
"../../../../../HS/HammerStruggle/HammerStruggle/Content/UI/AnvilUI/UI_Anvil.uasset" 535
"../../../../../HS/HammerStruggle/HammerStruggle/Content/Environment/Props/Textures/T_Anvil_AO_R_MT_E.uasset" 536
"../../../../../HS/HammerStruggle/HammerStruggle/Content/Environment/Props/Textures/T_Anvil_BC_O.uasset" 537
"../../../../../HS/HammerStruggle/HammerStruggle/Content/Environment/Props/Textures/T_Anvil_DX_N.uasset" 538
"../../../../../HS/HammerStruggle/HammerStruggle/Content/Environment/Props/Materials/MI_Anvi.uasset" 539
"../../../../../HS/HammerStruggle/HammerStruggle/Content/Environment/Props/Meshes/SM_Anvil.uasset" 540
"../../../../../HS/HammerStruggle/HammerStruggle/Content/Gameplay/Anvil/BP_Anvil.uasset" 541
"../../../../../HS/HammerStruggle/HammerStruggle/Content/Gameplay/Resources/Struct_RessourceData.uasset" 542
"../../Plugins/2D/Paper2D/Content/TranslucentUnlitSpriteMaterial.uasset" 543
"../../../../../HS/HammerStruggle/HammerStruggle/Content/Gameplay/Resources/Textures/I_Resources_1024_Ressource_Sprite_0.uasset" 544
"../../../../../HS/HammerStruggle/HammerStruggle/Content/Gameplay/Resources/Textures/I_Resources_1024_Ressource_Sprite_1.uasset" 545
"../../../../../HS/HammerStruggle/HammerStruggle/Content/Gameplay/Resources/Textures/I_Resources_1024_Ressource_Sprite_2.uasset" 546
"../../../../../HS/HammerStruggle/HammerStruggle/Content/Gameplay/Resources/Textures/I_Resources_1024_Ressource_Sprite_3.uasset" 547
"../../../../../HS/HammerStruggle/HammerStruggle/Content/Gameplay/Resources/Textures/I_Resources_1024_Ressource_Sprite_4.uasset" 548
"../../../../../HS/HammerStruggle/HammerStruggle/Content/Gameplay/Resources/Textures/I_Resources_1024_Ressource_Sprite_5.uasset" 549
"../../../../../HS/HammerStruggle/HammerStruggle/Content/Gameplay/Resources/Textures/I_Resources_1024_Ressource_Sprite_6.uasset" 550
"../../../../../HS/HammerStruggle/HammerStruggle/Content/Gameplay/Resources/Textures/I_Resources_1024_Ressource_Sprite_7.uasset" 551
"../../../../../HS/HammerStruggle/HammerStruggle/Content/UI/ChestUI/UI_Chest.uasset" 552
"../../../../../HS/HammerStruggle/HammerStruggle/Content/Gameplay/Chest/BP_Chest.uasset" 553
"../../../../../HS/HammerStruggle/HammerStruggle/Content/UI/Icons/PlusButton_Icon.uasset" 554
"../../../../../HS/HammerStruggle/HammerStruggle/Content/UI/CristalUI/UI_Well.uasset" 555
"../../../../../HS/HammerStruggle/HammerStruggle/Content/Import/ParagonRiktor/FX/Textures/Tile/Noise/T_NoiseBubbly_Large.uasset" 556
"../../../../../HS/HammerStruggle/HammerStruggle/Content/Mastermaterial/M_Water.uasset" 557
"../../../../../HS/HammerStruggle/HammerStruggle/Content/Environment/Props/Materials/MI_Water.uasset" 558
"../../../Engine/Content/Functions/Engine_MaterialFunctions02/Utility/BreakOutFloat3Components.uasset" 559
"../../../../../HS/HammerStruggle/HammerStruggle/Content/Mastermaterial/M_Combined_M1-M2-M3.uasset" 560
"../../../../../HS/HammerStruggle/HammerStruggle/Content/Environment/Buildings/Textures/T_ArenaTrimsheet_AO_R_MT_E.uasset" 561
"../../../../../HS/HammerStruggle/HammerStruggle/Content/Environment/Buildings/Textures/T_ArenaTrimsheet_BC_O.uasset" 562
"../../../../../HS/HammerStruggle/HammerStruggle/Content/Environment/Buildings/Textures/T_ArenaTrimsheet_DX_N.uasset" 563
"../../../../../HS/HammerStruggle/HammerStruggle/Content/Environment/Props/Textures/T_Well_AO_R_MT_E.uasset" 564
"../../../../../HS/HammerStruggle/HammerStruggle/Content/Environment/Props/Textures/T_Well_BC_O.uasset" 565
"../../../../../HS/HammerStruggle/HammerStruggle/Content/Environment/Props/Textures/T_Well_DX_N.uasset" 566
"../../../../../HS/HammerStruggle/HammerStruggle/Content/Environment/Props/Textures/T_Well_RGB_Masks.uasset" 567
"../../../../../HS/HammerStruggle/HammerStruggle/Content/Environment/Props/Materials/MI_Well.uasset" 568
"../../../../../HS/HammerStruggle/HammerStruggle/Content/Environment/Props/Meshes/SM_WellFill.uasset" 569
"../../../../../HS/HammerStruggle/HammerStruggle/Content/Gameplay/Crystal/BP_Crystall.uasset" 570
"../../../../../HS/HammerStruggle/HammerStruggle/Content/Characters/PC/Textures/Dwarf/T_Dwarf_Body_BC.uasset" 571
"../../../../../HS/HammerStruggle/HammerStruggle/Content/Characters/PC/Materials/M_Dwarf_Body.uasset" 572
"../../../../../HS/HammerStruggle/HammerStruggle/Content/Characters/PC/Textures/Dwarf/M_EyeBall_256_AO.uasset" 573
"../../../../../HS/HammerStruggle/HammerStruggle/Content/Characters/PC/Textures/Dwarf/M_EyeBall_256_BC.uasset" 574
"../../../../../HS/HammerStruggle/HammerStruggle/Content/Characters/PC/Textures/Dwarf/M_EyeBall_256_L.uasset" 575
"../../../../../HS/HammerStruggle/HammerStruggle/Content/Characters/PC/Textures/Dwarf/M_EyeBall_256_OGL_N.uasset" 576
"../../../../../HS/HammerStruggle/HammerStruggle/Content/Characters/PC/Textures/Dwarf/M_EyeBall_256_R.uasset" 577
"../../../../../HS/HammerStruggle/HammerStruggle/Content/Characters/PC/Materials/M_Dwarf_EyeBall.uasset" 578
"../../../../../HS/HammerStruggle/HammerStruggle/Content/Characters/PC/Textures/Dwarf/M_EyeBall_64_PAR.uasset" 579
"../../../../../HS/HammerStruggle/HammerStruggle/Content/Characters/PC/Textures/Dwarf/M_EyeCornia_256_OGL_N.uasset" 580
"../../../../../HS/HammerStruggle/HammerStruggle/Content/Characters/PC/Materials/M_Dwarf_EyeCornia.uasset" 581
"../../../../../HS/HammerStruggle/HammerStruggle/Content/Characters/PC/Textures/Dwarf/M_EyeMagicStream_512_L.uasset" 582
"../../../../../HS/HammerStruggle/HammerStruggle/Content/Characters/PC/Materials/M_Dwarf_EyeMagicStream.uasset" 583
"../../../../../HS/HammerStruggle/HammerStruggle/Content/Characters/PC/Mesh/SK_PC_Dwarf_PhysicsAsset.uasset" 584
"../../../../../HS/HammerStruggle/HammerStruggle/Content/Characters/PC/Mesh/SK_PC_Dwarf.uasset" 585
"../../../../../HS/HammerStruggle/HammerStruggle/Content/Equipment/Textures/T_CheatStuff_AO_R_MT_E.uasset" 586
"../../../../../HS/HammerStruggle/HammerStruggle/Content/Equipment/Textures/T_CheatStuff_BC_O.uasset" 587
"../../../../../HS/HammerStruggle/HammerStruggle/Content/Equipment/Textures/T_CheatStuff_DX_N.uasset" 588
"../../../../../HS/HammerStruggle/HammerStruggle/Content/Equipment/Materials/MI_CheatStuff.uasset" 589
"../../../../../HS/HammerStruggle/HammerStruggle/Content/Equipment/Meshes/Cheat_Stuff/SM_ShieldRing.uasset" 590
"../../../../../HS/HammerStruggle/HammerStruggle/Content/Equipment/Meshes/Cheat_Stuff/SM_WoodenShield.uasset" 591
"../../../../../HS/HammerStruggle/HammerStruggle/Content/Equipment/Textures/T_M_Hammer_AO_R_MT_E.uasset" 592
"../../../../../HS/HammerStruggle/HammerStruggle/Content/Equipment/Textures/T_M_Hammer_BC_O.uasset" 593
"../../../../../HS/HammerStruggle/HammerStruggle/Content/Equipment/Textures/T_M_Hammer_DX_N.uasset" 594
"../../../../../HS/HammerStruggle/HammerStruggle/Content/Equipment/Materials/MI_Hammer.uasset" 595
"../../../../../HS/HammerStruggle/HammerStruggle/Content/Equipment/Meshes/Hammer/SM_Hammer_SM_End_1_.uasset" 596
"../../../../../HS/HammerStruggle/HammerStruggle/Content/Equipment/Meshes/Hammer/SM_Hammer_SM_End_2_.uasset" 597
"../../../../../HS/HammerStruggle/HammerStruggle/Content/Equipment/Meshes/Hammer/SM_Hammer_SM_End_3_.uasset" 598
"../../../../../HS/HammerStruggle/HammerStruggle/Content/Equipment/Meshes/Hammer/SM_Hammer_SM_End_4_.uasset" 599
"../../../../../HS/HammerStruggle/HammerStruggle/Content/Equipment/Meshes/Hammer/SM_Hammer_SM_End_5_.uasset" 600
"../../../../../HS/HammerStruggle/HammerStruggle/Content/Equipment/Meshes/Hammer/SM_Hammer_SM_End_6_.uasset" 601
"../../../../../HS/HammerStruggle/HammerStruggle/Content/Equipment/Meshes/Hammer/SM_Hammer_SM_Handle_1_.uasset" 602
"../../../../../HS/HammerStruggle/HammerStruggle/Content/Equipment/Meshes/Hammer/SM_Hammer_SM_Handle_2_.uasset" 603
"../../../../../HS/HammerStruggle/HammerStruggle/Content/Equipment/Meshes/Hammer/SM_Hammer_SM_Head_1_Full_.uasset" 604
"../../../../../HS/HammerStruggle/HammerStruggle/Content/Equipment/Meshes/Hammer/SM_Hammer_SM_Head_1_Full_Pick_.uasset" 605
"../../../../../HS/HammerStruggle/HammerStruggle/Content/Equipment/Meshes/Hammer/SM_Hammer_SM_Head_1_Part_1_.uasset" 606
"../../../../../HS/HammerStruggle/HammerStruggle/Content/Equipment/Meshes/Hammer/SM_Hammer_SM_Head_1_Part_2_.uasset" 607
"../../../../../HS/HammerStruggle/HammerStruggle/Content/Equipment/Meshes/Hammer/SM_Hammer_SM_Head_2_.uasset" 608
"../../../../../HS/HammerStruggle/HammerStruggle/Content/Equipment/Meshes/Hammer/SM_Hammer_SM_Head_2_Spurs_1_.uasset" 609
"../../../../../HS/HammerStruggle/HammerStruggle/Content/Equipment/Meshes/Hammer/SM_Hammer_SM_Head_2_Spurs_2_.uasset" 610
"../../../../../HS/HammerStruggle/HammerStruggle/Content/Equipment/Meshes/Hammer/SM_Hammer_SM_Head_2_Spurs_2_Part_1_.uasset" 611
"../../../../../HS/HammerStruggle/HammerStruggle/Content/Equipment/Meshes/Hammer/SM_Hammer_SM_Head_2_Spurs_2_Part_2_.uasset" 612
"../../../../../HS/HammerStruggle/HammerStruggle/Content/Equipment/Meshes/Hammer/SM_Hammer_SM_Head_2_Spurs_3_.uasset" 613
"../../../../../HS/HammerStruggle/HammerStruggle/Content/Equipment/Materials/MI_HammerChaos.uasset" 614
"../../../../../HS/HammerStruggle/HammerStruggle/Content/Equipment/Meshes/Hammer/SM_Hammer_SM_Head_3_.uasset" 615
"../../../../../HS/HammerStruggle/HammerStruggle/Content/Equipment/Meshes/Hammer/SM_Hammer_SM_Head_3_Frame_1_.uasset" 616
"../../../../../HS/HammerStruggle/HammerStruggle/Content/Equipment/Meshes/Hammer/SM_Hammer_SM_Head_3_Frame_2_.uasset" 617
"../../../../../HS/HammerStruggle/HammerStruggle/Content/Equipment/Meshes/Hammer/SM_Hammer_SM_Head_3_Frame_3_.uasset" 618
"../../../../../HS/HammerStruggle/HammerStruggle/Content/Equipment/Meshes/Hammer/SM_Hammer_SM_Mounting_1a_.uasset" 619
"../../../../../HS/HammerStruggle/HammerStruggle/Content/Equipment/Meshes/Hammer/SM_Hammer_SM_Mounting_1b_.uasset" 620
"../../../../../HS/HammerStruggle/HammerStruggle/Content/Equipment/Meshes/Hammer/SM_Hammer_SM_Mounting_2_.uasset" 621
"../../../../../HS/HammerStruggle/HammerStruggle/Content/Equipment/Meshes/Hammer/SM_Hammer_SM_Tip_1a_.uasset" 622
"../../../../../HS/HammerStruggle/HammerStruggle/Content/Equipment/Meshes/Hammer/SM_Hammer_SM_Tip_1b_.uasset" 623
"../../../../../HS/HammerStruggle/HammerStruggle/Content/Equipment/Meshes/Hammer/SM_Hammer_SM_Tip_2_.uasset" 624
"../../../../../HS/HammerStruggle/HammerStruggle/Content/Equipment/Meshes/Hammer/SM_Hammer_SM_Tip_3_.uasset" 625
"../../../../../HS/HammerStruggle/HammerStruggle/Content/Equipment/Meshes/Hammer/SM_Hammer_SM_Tip_4_.uasset" 626
"../../../../../HS/HammerStruggle/HammerStruggle/Content/Equipment/Meshes/Hammer/SM_Hammer_SM_Tip_5_.uasset" 627
"../../../../../HS/HammerStruggle/HammerStruggle/Content/Import/InfinityBladeEffects/Effects/FX_Textures/Gradient/T_SoftFallOff.uasset" 628
"../../../../../HS/HammerStruggle/HammerStruggle/Content/Import/InfinityBladeEffects/Effects/FX_Materials/Gradient/M_Flare_03_INST.uasset" 629
"../../../../../HS/HammerStruggle/HammerStruggle/Content/Import/InfinityBladeEffects/Effects/FX_Textures/Gradient/T_LightCone.uasset" 630
"../../../../../HS/HammerStruggle/HammerStruggle/Content/Import/InfinityBladeEffects/Effects/FX_Materials/Gradient/M_Flare_Vertical_02_Inst.uasset" 631
"../../../../../HS/HammerStruggle/HammerStruggle/Content/Import/InfinityBladeEffects/Effects/FX_Textures/Gradient/T_GlowNoise_01.uasset" 632
"../../../../../HS/HammerStruggle/HammerStruggle/Content/Import/InfinityBladeEffects/Effects/FX_Materials/M_Shockwave_03_Add_INST.uasset" 633
"../../../../../HS/HammerStruggle/HammerStruggle/Content/Import/InfinityBladeEffects/Effects/FX_Textures/Spark/T_Sparks_04_SubUV_1_4.uasset" 634
"../../../../../HS/HammerStruggle/HammerStruggle/Content/Import/InfinityBladeEffects/Effects/FX_Materials/Spark/M_Spark_04_SubUV_1_4_INST.uasset" 635
"../../../../../HS/HammerStruggle/HammerStruggle/Content/Import/InfinityBladeEffects/Effects/FX_Skill_Aura/P_Aura_Default_Ending.uasset" 636
"../../../../../HS/HammerStruggle/HammerStruggle/Content/Import/InfinityBladeEffects/Effects/FX_Textures/Gradient/T_starFlare_02.uasset" 637
"../../../../../HS/HammerStruggle/HammerStruggle/Content/Import/InfinityBladeEffects/Effects/FX_Materials/Gradient/M_Flare_02_INST.uasset" 638
"../../../../../HS/HammerStruggle/HammerStruggle/Content/Import/InfinityBladeEffects/Effects/FX_Textures/Gradient/T_BlastHalf.uasset" 639
"../../../../../HS/HammerStruggle/HammerStruggle/Content/Import/InfinityBladeEffects/Effects/FX_Materials/Gradient/M_Flare_Vertical_01_INST.uasset" 640
"../../../../../HS/HammerStruggle/HammerStruggle/Content/Import/InfinityBladeEffects/Effects/FX_Skill_Aura/P_Aura_Ice_Ending_01.uasset" 641
"../../../../../HS/HammerStruggle/HammerStruggle/Content/UI/PlayerUI/UI_Player.uasset" 642
"../../../../../HS/HammerStruggle/HammerStruggle/Content/UI/PauseMenu/PauseMenu.uasset" 643
"../../../../../HS/HammerStruggle/HammerStruggle/Content/Characters/PC/Blueprints/BP_HSPlayer.uasset" 644
"../../../../../HS/HammerStruggle/HammerStruggle/Content/Environment/Buildings/Blueprints/BP_HSBlacksmith.uasset" 645
"../../../../../HS/HammerStruggle/HammerStruggle/Content/Import/AncientTreasures/Textures/Unique/TX_Coal_01a_ALB.uasset" 646
"../../../../../HS/HammerStruggle/HammerStruggle/Content/Import/AncientTreasures/Textures/Unique/TX_Coal_01a_EMM.uasset" 647
"../../../../../HS/HammerStruggle/HammerStruggle/Content/Import/AncientTreasures/Textures/Unique/TX_Coal_01a_H.uasset" 648
"../../../../../HS/HammerStruggle/HammerStruggle/Content/Import/AncientTreasures/Textures/Unique/TX_Coal_01a_NRM.uasset" 649
"../../../../../HS/HammerStruggle/HammerStruggle/Content/Import/AncientTreasures/Textures/Unique/TX_Coal_01a_RMA.uasset" 650
"../../../../../HS/HammerStruggle/HammerStruggle/Content/Import/AncientTreasures/Materials/Instances/MI_Coals_01a.uasset" 651
"../../../../../HS/HammerStruggle/HammerStruggle/Content/Import/AncientTreasures/Meshes/SM_Coal_01a.uasset" 652
"../../../../../HS/HammerStruggle/HammerStruggle/Content/Import/AncientTreasures/Textures/Unique/TX_Torch_01_RMA.uasset" 653
"../../../../../HS/HammerStruggle/HammerStruggle/Content/Import/AncientTreasures/Textures/Unique/TX_Torch_01a_ALB.uasset" 654
"../../../../../HS/HammerStruggle/HammerStruggle/Content/Import/AncientTreasures/Textures/Unique/TX_Torch_01a_NRM.uasset" 655
"../../../../../HS/HammerStruggle/HammerStruggle/Content/Import/AncientTreasures/Materials/Instances/MI_Torch_01a.uasset" 656
"../../../../../HS/HammerStruggle/HammerStruggle/Content/Import/AncientTreasures/Meshes/SM_Torch_01a.uasset" 657
"../../../../../HS/HammerStruggle/HammerStruggle/Content/Import/AncientTreasures/Textures/Utility/TX_Fire_01a_ALB.uasset" 658
"../../../../../HS/HammerStruggle/HammerStruggle/Content/Import/AncientTreasures/Textures/Utility/TX_Noise_01a_M.uasset" 659
"../../../../../HS/HammerStruggle/HammerStruggle/Content/Import/AncientTreasures/Materials/Masters/MM_Fire_01a.uasset" 660
"../../../../../HS/HammerStruggle/HammerStruggle/Content/Import/AncientTreasures/VFX/P_Fire_01a.uasset" 661
"../../../../../HS/HammerStruggle/HammerStruggle/Content/Import/AncientTreasures/Blueprints/BP_FireCoals_01a.uasset" 662
"../../../../../HS/HammerStruggle/HammerStruggle/Content/Maps/Arena_BuiltData.uasset" 663
"../../../../../HS/HammerStruggle/HammerStruggle/Content/Environment/Buildings/Textures/T_Arena_AO_R_MT_E.uasset" 664
"../../../../../HS/HammerStruggle/HammerStruggle/Content/Environment/Buildings/Textures/T_Arena_BC_O.uasset" 665
"../../../../../HS/HammerStruggle/HammerStruggle/Content/Environment/Buildings/Textures/T_Arena_DX_N.uasset" 666
"../../../../../HS/HammerStruggle/HammerStruggle/Content/Environment/Buildings/Textures/T_Arena_RGB_Masks.uasset" 667
"../../../../../HS/HammerStruggle/HammerStruggle/Content/Environment/Buildings/Textures/T_BricksSandstone_AO_R_MT_E.uasset" 668
"../../../../../HS/HammerStruggle/HammerStruggle/Content/Environment/Buildings/Textures/T_BricksSandstone_BC_O.uasset" 669
"../../../../../HS/HammerStruggle/HammerStruggle/Content/Environment/Buildings/Textures/T_BricksSandstone_DX_N.uasset" 670
"../../../../../HS/HammerStruggle/HammerStruggle/Content/Environment/Buildings/Materials/MI_Arena.uasset" 671
"../../../../../HS/HammerStruggle/HammerStruggle/Content/Environment/Buildings/Materials/MI_CrystalChaos.uasset" 672
"../../../Engine/Content/Functions/Engine_MaterialFunctions01/ImageAdjustment/BlurSampleOffsets.uasset" 673
"../../../Engine/Content/Functions/Engine_MaterialFunctions01/Texturing/BitMask.uasset" 674
"../../../../../HS/HammerStruggle/HammerStruggle/Content/Mastermaterial/M_Outlines.uasset" 675
"../../../../../HS/HammerStruggle/HammerStruggle/Content/Gameplay/Resources/Materials/MI_Outlines.uasset" 676
"../../../../../HS/HammerStruggle/HammerStruggle/Content/Environment/Buildings/Meshes/SM_Arena_CrystalSign.uasset" 677
"../../../../../HS/HammerStruggle/HammerStruggle/Content/Environment/Buildings/Meshes/SM_Arena_Gate_001.uasset" 678
"../../../../../HS/HammerStruggle/HammerStruggle/Content/Environment/Buildings/Meshes/SM_Arena_Gate_002.uasset" 679
"../../../../../HS/HammerStruggle/HammerStruggle/Content/Environment/Buildings/Meshes/SM_Arena_Gate_003.uasset" 680
"../../../../../HS/HammerStruggle/HammerStruggle/Content/Environment/Buildings/Meshes/SM_Arena_Gate_004.uasset" 681
"../../../../../HS/HammerStruggle/HammerStruggle/Content/Environment/Buildings/Meshes/SM_Arena_Horn_001.uasset" 682
"../../../../../HS/HammerStruggle/HammerStruggle/Content/Environment/Buildings/Meshes/SM_Arena_Horn_002.uasset" 683
"../../../../../HS/HammerStruggle/HammerStruggle/Content/Environment/Buildings/Meshes/SM_Arena_Horn_003.uasset" 684
"../../../../../HS/HammerStruggle/HammerStruggle/Content/Environment/Buildings/Meshes/SM_Arena_Horn_004.uasset" 685
"../../../../../HS/HammerStruggle/HammerStruggle/Content/Environment/Buildings/Meshes/SM_Arena_Horn_005.uasset" 686
"../../../../../HS/HammerStruggle/HammerStruggle/Content/Environment/Buildings/Meshes/SM_Arena_Horn_006.uasset" 687
"../../../../../HS/HammerStruggle/HammerStruggle/Content/Environment/Buildings/Meshes/SM_Arena_Horn_007.uasset" 688
"../../../../../HS/HammerStruggle/HammerStruggle/Content/Environment/Buildings/Meshes/SM_Arena_Horn_008.uasset" 689
"../../../../../HS/HammerStruggle/HammerStruggle/Content/Environment/Buildings/Meshes/SM_Arena_Outer.uasset" 690
"../../../../../HS/HammerStruggle/HammerStruggle/Content/Environment/Buildings/Meshes/SM_Arena_PillarHigh_002.uasset" 691
"../../../../../HS/HammerStruggle/HammerStruggle/Content/Environment/Buildings/Meshes/SM_Arena_PillarHigh_003.uasset" 692
"../../../../../HS/HammerStruggle/HammerStruggle/Content/Environment/Buildings/Meshes/SM_Arena_PillarHigh_004.uasset" 693
"../../../../../HS/HammerStruggle/HammerStruggle/Content/Environment/Buildings/Meshes/SM_Arena_PillarHigh_005.uasset" 694
"../../../../../HS/HammerStruggle/HammerStruggle/Content/Environment/Buildings/Meshes/SM_Arena_PillarHigh_006.uasset" 695
"../../../../../HS/HammerStruggle/HammerStruggle/Content/Environment/Buildings/Meshes/SM_Arena_PillarHigh_007.uasset" 696
"../../../../../HS/HammerStruggle/HammerStruggle/Content/Environment/Buildings/Meshes/SM_Arena_PillarHigh_008.uasset" 697
"../../../../../HS/HammerStruggle/HammerStruggle/Content/Environment/Buildings/Meshes/SM_Arena_PillarHigh_009.uasset" 698
"../../../../../HS/HammerStruggle/HammerStruggle/Content/Environment/Buildings/Meshes/SM_Arena_PillarSmall_001.uasset" 699
"../../../../../HS/HammerStruggle/HammerStruggle/Content/Environment/Buildings/Meshes/SM_Arena_PillarSmall_002.uasset" 700
"../../../../../HS/HammerStruggle/HammerStruggle/Content/Environment/Buildings/Meshes/SM_Arena_PillarSmall_003.uasset" 701
"../../../../../HS/HammerStruggle/HammerStruggle/Content/Environment/Buildings/Meshes/SM_Arena_PillarSmall_004.uasset" 702
"../../../../../HS/HammerStruggle/HammerStruggle/Content/Environment/Buildings/Meshes/SM_Arena_PillarSmall_005.uasset" 703
"../../../../../HS/HammerStruggle/HammerStruggle/Content/Environment/Buildings/Meshes/SM_Arena_PillarSmall_006.uasset" 704
"../../../../../HS/HammerStruggle/HammerStruggle/Content/Environment/Buildings/Meshes/SM_Arena_PillarSmall_007.uasset" 705
"../../../../../HS/HammerStruggle/HammerStruggle/Content/Environment/Buildings/Meshes/SM_Arena_PillarSmall_008.uasset" 706
"../../../../../HS/HammerStruggle/HammerStruggle/Content/Environment/Buildings/Meshes/SM_Arena_PillarSmall_009.uasset" 707
"../../../../../HS/HammerStruggle/HammerStruggle/Content/Environment/Buildings/Meshes/SM_Arena_PillarSmall_010.uasset" 708
"../../../../../HS/HammerStruggle/HammerStruggle/Content/Environment/Buildings/Meshes/SM_Arena_PillarSmall_011.uasset" 709
"../../../../../HS/HammerStruggle/HammerStruggle/Content/Environment/Buildings/Meshes/SM_Arena_PillarSmall_012.uasset" 710
"../../../../../HS/HammerStruggle/HammerStruggle/Content/Environment/Buildings/Meshes/SM_Arena_PillarSmall_013.uasset" 711
"../../../../../HS/HammerStruggle/HammerStruggle/Content/Environment/Buildings/Meshes/SM_Arena_PillarSmall_014.uasset" 712
"../../../../../HS/HammerStruggle/HammerStruggle/Content/Environment/Buildings/Meshes/SM_Arena_Railing.uasset" 713
"../../../../../HS/HammerStruggle/HammerStruggle/Content/Environment/Buildings/Meshes/SM_Arena_RanksLower.uasset" 714
"../../../../../HS/HammerStruggle/HammerStruggle/Content/Environment/Buildings/Meshes/SM_Arena_RanksUpper.uasset" 715
"../../../../../HS/HammerStruggle/HammerStruggle/Content/Environment/Buildings/Meshes/SM_Arena_Smithy_001.uasset" 716
"../../../../../HS/HammerStruggle/HammerStruggle/Content/Environment/Buildings/Meshes/SM_Arena_Stairs.uasset" 717
"../../../../../HS/HammerStruggle/HammerStruggle/Content/Environment/Buildings/Meshes/SM_Arena_Vault_001.uasset" 718
"../../../../../HS/HammerStruggle/HammerStruggle/Content/Environment/Buildings/Meshes/SM_Arena_Vault_002.uasset" 719
"../../../../../HS/HammerStruggle/HammerStruggle/Content/Environment/Buildings/Meshes/SM_Arena_Vault_003.uasset" 720
"../../../../../HS/HammerStruggle/HammerStruggle/Content/Environment/Buildings/Meshes/SM_Arena_WallInner.uasset" 721
"../../../Engine/Content/Functions/Engine_MaterialFunctions01/Gradient/LinearGradient.uasset" 722
"../../../Engine/Content/Functions/Engine_MaterialFunctions01/ImageAdjustment/CheapContrast.uasset" 723
"../../../Engine/Content/Functions/Engine_MaterialFunctions01/Texturing/WorldAlignedTexture.uasset" 724
"../../../../../HS/HammerStruggle/HammerStruggle/Content/Environment/Landscape/Ground/Textures/T_dust_BC.uasset" 725
"../../../../../HS/HammerStruggle/HammerStruggle/Content/Environment/Landscape/Ground/Textures/T_dust_N.uasset" 726
"../../../../../HS/HammerStruggle/HammerStruggle/Content/Environment/Landscape/Ground/Textures/T_dust_O_R_M.uasset" 727
"../../../../../HS/HammerStruggle/HammerStruggle/Content/Environment/Landscape/Ground/Materials/M_dust.uasset" 728
"../../../../../HS/HammerStruggle/HammerStruggle/Content/Environment/Landscape/Ground/Meshes/SM_Ground.uasset" 729
"../../../../../HS/HammerStruggle/HammerStruggle/Content/Environment/Props/Textures/T_Forge_AO_R_MT_E.uasset" 730
"../../../../../HS/HammerStruggle/HammerStruggle/Content/Environment/Props/Textures/T_Forge_BC_O.uasset" 731
"../../../../../HS/HammerStruggle/HammerStruggle/Content/Environment/Props/Textures/T_Forge_DX_N.uasset" 732
"../../../../../HS/HammerStruggle/HammerStruggle/Content/Environment/Props/Textures/T_Forge_RGB_Masks.uasset" 733
"../../../../../HS/HammerStruggle/HammerStruggle/Content/Environment/Props/Textures/T_Wood_b_AO_R_MT_E.uasset" 734
"../../../../../HS/HammerStruggle/HammerStruggle/Content/Environment/Props/Textures/T_Wood_b_BC_O.uasset" 735
"../../../../../HS/HammerStruggle/HammerStruggle/Content/Environment/Props/Textures/T_Wood_b_DX_N.uasset" 736
"../../../../../HS/HammerStruggle/HammerStruggle/Content/Environment/Props/Materials/MI_Forge.uasset" 737
"../../../../../HS/HammerStruggle/HammerStruggle/Content/Environment/Props/Meshes/SM_Forge.uasset" 738
"../../../../../HS/HammerStruggle/HammerStruggle/Content/Environment/Props/Textures/T_Rack_AO_R_MT_E.uasset" 739
"../../../../../HS/HammerStruggle/HammerStruggle/Content/Environment/Props/Textures/T_Rack_DX_N.uasset" 740
"../../../../../HS/HammerStruggle/HammerStruggle/Content/Environment/Props/Textures/T_Rack_RGB_Masks.uasset" 741
"../../../../../HS/HammerStruggle/HammerStruggle/Content/Environment/Props/Materials/MI_Rack.uasset" 742
"../../../../../HS/HammerStruggle/HammerStruggle/Content/Environment/Props/Meshes/SM_RackFill.uasset" 743
"../../../../../HS/HammerStruggle/HammerStruggle/Content/Environment/Props/Textures/T_PlanExploded.uasset" 744
"../../../../../HS/HammerStruggle/HammerStruggle/Content/Environment/Props/Materials/MI_PlanExplode.uasset" 745
"../../../../../HS/HammerStruggle/HammerStruggle/Content/Environment/Props/Textures/T_PlanPrint.uasset" 746
"../../../../../HS/HammerStruggle/HammerStruggle/Content/Environment/Props/Materials/MI_PlanPrint.uasset" 747
"../../../../../HS/HammerStruggle/HammerStruggle/Content/Environment/Props/Textures/T_Table_AO_R_MT_E.uasset" 748
"../../../../../HS/HammerStruggle/HammerStruggle/Content/Environment/Props/Textures/T_Table_BC_O.uasset" 749
"../../../../../HS/HammerStruggle/HammerStruggle/Content/Environment/Props/Textures/T_Table_DX_N.uasset" 750
"../../../../../HS/HammerStruggle/HammerStruggle/Content/Environment/Props/Materials/MI_Table.uasset" 751
"../../../../../HS/HammerStruggle/HammerStruggle/Content/Environment/Props/Meshes/SM_TableFill.uasset" 752
"../../../../../HS/HammerStruggle/HammerStruggle/Content/Maps/Arena.umap" 753
"../../../../../HS/HammerStruggle/HammerStruggle/Content/Maps/MainMenu.umap" 754
"../../../Engine/Content/Maps/Entry_BuiltData.uasset" 755
"../../../Engine/Content/Maps/Entry.umap" 756
